[2025-04-04T19:27:33.262+0000] {processor.py:186} INFO - Started process (PID=183) to work on /opt/airflow/dags/assignment_1.py
[2025-04-04T19:27:33.263+0000] {processor.py:914} INFO - Processing file /opt/airflow/dags/assignment_1.py for tasks to queue
[2025-04-04T19:27:33.265+0000] {logging_mixin.py:190} INFO - [2025-04-04T19:27:33.265+0000] {dagbag.py:588} INFO - Filling up the DagBag from /opt/airflow/dags/assignment_1.py
[2025-04-04T19:27:33.280+0000] {processor.py:925} INFO - DAG(s) 'random_number_checker' retrieved from /opt/airflow/dags/assignment_1.py
[2025-04-04T19:27:33.317+0000] {logging_mixin.py:190} INFO - [2025-04-04T19:27:33.317+0000] {dag.py:3239} INFO - Sync 1 DAGs
[2025-04-04T19:27:33.358+0000] {logging_mixin.py:190} INFO - [2025-04-04T19:27:33.357+0000] {dag.py:4180} INFO - Setting next_dagrun for random_number_checker to 2025-04-03 00:00:00+00:00, run_after=2025-04-04 00:00:00+00:00
[2025-04-04T19:27:33.397+0000] {processor.py:208} INFO - Processing /opt/airflow/dags/assignment_1.py took 0.142 seconds
[2025-04-04T19:31:01.974+0000] {processor.py:186} INFO - Started process (PID=183) to work on /opt/airflow/dags/assignment_1.py
[2025-04-04T19:31:01.975+0000] {processor.py:914} INFO - Processing file /opt/airflow/dags/assignment_1.py for tasks to queue
[2025-04-04T19:31:01.979+0000] {logging_mixin.py:190} INFO - [2025-04-04T19:31:01.978+0000] {dagbag.py:588} INFO - Filling up the DagBag from /opt/airflow/dags/assignment_1.py
[2025-04-04T19:31:01.995+0000] {processor.py:925} INFO - DAG(s) 'random_number_checker' retrieved from /opt/airflow/dags/assignment_1.py
[2025-04-04T19:31:02.039+0000] {logging_mixin.py:190} INFO - [2025-04-04T19:31:02.039+0000] {dag.py:3239} INFO - Sync 1 DAGs
[2025-04-04T19:31:02.085+0000] {logging_mixin.py:190} INFO - [2025-04-04T19:31:02.084+0000] {dag.py:4180} INFO - Setting next_dagrun for random_number_checker to 2025-04-03 00:00:00+00:00, run_after=2025-04-04 00:00:00+00:00
[2025-04-04T19:31:02.110+0000] {processor.py:208} INFO - Processing /opt/airflow/dags/assignment_1.py took 0.145 seconds
[2025-04-04T19:31:32.557+0000] {processor.py:186} INFO - Started process (PID=208) to work on /opt/airflow/dags/assignment_1.py
[2025-04-04T19:31:32.557+0000] {processor.py:914} INFO - Processing file /opt/airflow/dags/assignment_1.py for tasks to queue
[2025-04-04T19:31:32.559+0000] {logging_mixin.py:190} INFO - [2025-04-04T19:31:32.559+0000] {dagbag.py:588} INFO - Filling up the DagBag from /opt/airflow/dags/assignment_1.py
[2025-04-04T19:31:32.566+0000] {processor.py:925} INFO - DAG(s) 'random_number_checker' retrieved from /opt/airflow/dags/assignment_1.py
[2025-04-04T19:31:32.585+0000] {logging_mixin.py:190} INFO - [2025-04-04T19:31:32.585+0000] {dag.py:3239} INFO - Sync 1 DAGs
[2025-04-04T19:31:32.603+0000] {logging_mixin.py:190} INFO - [2025-04-04T19:31:32.603+0000] {dag.py:4180} INFO - Setting next_dagrun for random_number_checker to 2025-04-03 00:00:00+00:00, run_after=2025-04-04 00:00:00+00:00
[2025-04-04T19:31:32.617+0000] {processor.py:208} INFO - Processing /opt/airflow/dags/assignment_1.py took 0.065 seconds
[2025-04-04T19:32:03.040+0000] {processor.py:186} INFO - Started process (PID=233) to work on /opt/airflow/dags/assignment_1.py
[2025-04-04T19:32:03.041+0000] {processor.py:914} INFO - Processing file /opt/airflow/dags/assignment_1.py for tasks to queue
[2025-04-04T19:32:03.043+0000] {logging_mixin.py:190} INFO - [2025-04-04T19:32:03.043+0000] {dagbag.py:588} INFO - Filling up the DagBag from /opt/airflow/dags/assignment_1.py
[2025-04-04T19:32:03.051+0000] {processor.py:925} INFO - DAG(s) 'random_number_checker' retrieved from /opt/airflow/dags/assignment_1.py
[2025-04-04T19:32:03.071+0000] {logging_mixin.py:190} INFO - [2025-04-04T19:32:03.071+0000] {dag.py:3239} INFO - Sync 1 DAGs
[2025-04-04T19:32:03.090+0000] {logging_mixin.py:190} INFO - [2025-04-04T19:32:03.090+0000] {dag.py:4180} INFO - Setting next_dagrun for random_number_checker to 2025-04-03 00:00:00+00:00, run_after=2025-04-04 00:00:00+00:00
[2025-04-04T19:32:03.104+0000] {processor.py:208} INFO - Processing /opt/airflow/dags/assignment_1.py took 0.069 seconds
[2025-04-04T19:32:33.526+0000] {processor.py:186} INFO - Started process (PID=258) to work on /opt/airflow/dags/assignment_1.py
[2025-04-04T19:32:33.526+0000] {processor.py:914} INFO - Processing file /opt/airflow/dags/assignment_1.py for tasks to queue
[2025-04-04T19:32:33.529+0000] {logging_mixin.py:190} INFO - [2025-04-04T19:32:33.528+0000] {dagbag.py:588} INFO - Filling up the DagBag from /opt/airflow/dags/assignment_1.py
[2025-04-04T19:32:33.539+0000] {processor.py:925} INFO - DAG(s) 'random_number_checker' retrieved from /opt/airflow/dags/assignment_1.py
[2025-04-04T19:32:33.559+0000] {logging_mixin.py:190} INFO - [2025-04-04T19:32:33.559+0000] {dag.py:3239} INFO - Sync 1 DAGs
[2025-04-04T19:32:33.578+0000] {logging_mixin.py:190} INFO - [2025-04-04T19:32:33.578+0000] {dag.py:4180} INFO - Setting next_dagrun for random_number_checker to 2025-04-03 00:00:00+00:00, run_after=2025-04-04 00:00:00+00:00
[2025-04-04T19:32:33.594+0000] {processor.py:208} INFO - Processing /opt/airflow/dags/assignment_1.py took 0.072 seconds
[2025-04-04T19:33:03.999+0000] {processor.py:186} INFO - Started process (PID=283) to work on /opt/airflow/dags/assignment_1.py
[2025-04-04T19:33:03.999+0000] {processor.py:914} INFO - Processing file /opt/airflow/dags/assignment_1.py for tasks to queue
[2025-04-04T19:33:04.004+0000] {logging_mixin.py:190} INFO - [2025-04-04T19:33:04.004+0000] {dagbag.py:588} INFO - Filling up the DagBag from /opt/airflow/dags/assignment_1.py
[2025-04-04T19:33:04.013+0000] {processor.py:925} INFO - DAG(s) 'random_number_checker' retrieved from /opt/airflow/dags/assignment_1.py
[2025-04-04T19:33:04.034+0000] {logging_mixin.py:190} INFO - [2025-04-04T19:33:04.033+0000] {dag.py:3239} INFO - Sync 1 DAGs
[2025-04-04T19:33:04.053+0000] {logging_mixin.py:190} INFO - [2025-04-04T19:33:04.053+0000] {dag.py:4180} INFO - Setting next_dagrun for random_number_checker to 2025-04-03 00:00:00+00:00, run_after=2025-04-04 00:00:00+00:00
[2025-04-04T19:33:04.068+0000] {processor.py:208} INFO - Processing /opt/airflow/dags/assignment_1.py took 0.074 seconds
[2025-04-04T19:33:34.446+0000] {processor.py:186} INFO - Started process (PID=308) to work on /opt/airflow/dags/assignment_1.py
[2025-04-04T19:33:34.447+0000] {processor.py:914} INFO - Processing file /opt/airflow/dags/assignment_1.py for tasks to queue
[2025-04-04T19:33:34.448+0000] {logging_mixin.py:190} INFO - [2025-04-04T19:33:34.448+0000] {dagbag.py:588} INFO - Filling up the DagBag from /opt/airflow/dags/assignment_1.py
[2025-04-04T19:33:34.455+0000] {processor.py:925} INFO - DAG(s) 'random_number_checker' retrieved from /opt/airflow/dags/assignment_1.py
[2025-04-04T19:33:34.476+0000] {logging_mixin.py:190} INFO - [2025-04-04T19:33:34.476+0000] {dag.py:3239} INFO - Sync 1 DAGs
[2025-04-04T19:33:34.495+0000] {logging_mixin.py:190} INFO - [2025-04-04T19:33:34.495+0000] {dag.py:4180} INFO - Setting next_dagrun for random_number_checker to 2025-04-03 00:00:00+00:00, run_after=2025-04-04 00:00:00+00:00
[2025-04-04T19:33:34.508+0000] {processor.py:208} INFO - Processing /opt/airflow/dags/assignment_1.py took 0.067 seconds
[2025-04-04T19:34:04.925+0000] {processor.py:186} INFO - Started process (PID=333) to work on /opt/airflow/dags/assignment_1.py
[2025-04-04T19:34:04.925+0000] {processor.py:914} INFO - Processing file /opt/airflow/dags/assignment_1.py for tasks to queue
[2025-04-04T19:34:04.927+0000] {logging_mixin.py:190} INFO - [2025-04-04T19:34:04.927+0000] {dagbag.py:588} INFO - Filling up the DagBag from /opt/airflow/dags/assignment_1.py
[2025-04-04T19:34:04.934+0000] {processor.py:925} INFO - DAG(s) 'random_number_checker' retrieved from /opt/airflow/dags/assignment_1.py
[2025-04-04T19:34:04.956+0000] {logging_mixin.py:190} INFO - [2025-04-04T19:34:04.956+0000] {dag.py:3239} INFO - Sync 1 DAGs
[2025-04-04T19:34:04.976+0000] {logging_mixin.py:190} INFO - [2025-04-04T19:34:04.975+0000] {dag.py:4180} INFO - Setting next_dagrun for random_number_checker to 2025-04-03 00:00:00+00:00, run_after=2025-04-04 00:00:00+00:00
[2025-04-04T19:34:04.990+0000] {processor.py:208} INFO - Processing /opt/airflow/dags/assignment_1.py took 0.069 seconds
[2025-04-04T19:34:35.410+0000] {processor.py:186} INFO - Started process (PID=358) to work on /opt/airflow/dags/assignment_1.py
[2025-04-04T19:34:35.411+0000] {processor.py:914} INFO - Processing file /opt/airflow/dags/assignment_1.py for tasks to queue
[2025-04-04T19:34:35.413+0000] {logging_mixin.py:190} INFO - [2025-04-04T19:34:35.412+0000] {dagbag.py:588} INFO - Filling up the DagBag from /opt/airflow/dags/assignment_1.py
[2025-04-04T19:34:35.422+0000] {processor.py:925} INFO - DAG(s) 'random_number_checker' retrieved from /opt/airflow/dags/assignment_1.py
[2025-04-04T19:34:35.442+0000] {logging_mixin.py:190} INFO - [2025-04-04T19:34:35.442+0000] {dag.py:3239} INFO - Sync 1 DAGs
[2025-04-04T19:34:35.460+0000] {logging_mixin.py:190} INFO - [2025-04-04T19:34:35.460+0000] {dag.py:4180} INFO - Setting next_dagrun for random_number_checker to 2025-04-03 00:00:00+00:00, run_after=2025-04-04 00:00:00+00:00
[2025-04-04T19:34:35.474+0000] {processor.py:208} INFO - Processing /opt/airflow/dags/assignment_1.py took 0.068 seconds
[2025-04-04T19:35:05.861+0000] {processor.py:186} INFO - Started process (PID=383) to work on /opt/airflow/dags/assignment_1.py
[2025-04-04T19:35:05.865+0000] {processor.py:914} INFO - Processing file /opt/airflow/dags/assignment_1.py for tasks to queue
[2025-04-04T19:35:05.868+0000] {logging_mixin.py:190} INFO - [2025-04-04T19:35:05.868+0000] {dagbag.py:588} INFO - Filling up the DagBag from /opt/airflow/dags/assignment_1.py
[2025-04-04T19:35:05.877+0000] {processor.py:925} INFO - DAG(s) 'random_number_checker' retrieved from /opt/airflow/dags/assignment_1.py
[2025-04-04T19:35:05.900+0000] {logging_mixin.py:190} INFO - [2025-04-04T19:35:05.900+0000] {dag.py:3239} INFO - Sync 1 DAGs
[2025-04-04T19:35:05.918+0000] {logging_mixin.py:190} INFO - [2025-04-04T19:35:05.918+0000] {dag.py:4180} INFO - Setting next_dagrun for random_number_checker to 2025-04-03 00:00:00+00:00, run_after=2025-04-04 00:00:00+00:00
[2025-04-04T19:35:05.931+0000] {processor.py:208} INFO - Processing /opt/airflow/dags/assignment_1.py took 0.075 seconds
[2025-04-04T19:35:36.319+0000] {processor.py:186} INFO - Started process (PID=408) to work on /opt/airflow/dags/assignment_1.py
[2025-04-04T19:35:36.319+0000] {processor.py:914} INFO - Processing file /opt/airflow/dags/assignment_1.py for tasks to queue
[2025-04-04T19:35:36.321+0000] {logging_mixin.py:190} INFO - [2025-04-04T19:35:36.321+0000] {dagbag.py:588} INFO - Filling up the DagBag from /opt/airflow/dags/assignment_1.py
[2025-04-04T19:35:36.328+0000] {processor.py:925} INFO - DAG(s) 'random_number_checker' retrieved from /opt/airflow/dags/assignment_1.py
[2025-04-04T19:35:36.349+0000] {logging_mixin.py:190} INFO - [2025-04-04T19:35:36.348+0000] {dag.py:3239} INFO - Sync 1 DAGs
[2025-04-04T19:35:36.370+0000] {logging_mixin.py:190} INFO - [2025-04-04T19:35:36.369+0000] {dag.py:4180} INFO - Setting next_dagrun for random_number_checker to 2025-04-03 00:00:00+00:00, run_after=2025-04-04 00:00:00+00:00
[2025-04-04T19:35:36.384+0000] {processor.py:208} INFO - Processing /opt/airflow/dags/assignment_1.py took 0.070 seconds
[2025-04-04T19:36:57.227+0000] {processor.py:186} INFO - Started process (PID=183) to work on /opt/airflow/dags/assignment_1.py
[2025-04-04T19:36:57.228+0000] {processor.py:914} INFO - Processing file /opt/airflow/dags/assignment_1.py for tasks to queue
[2025-04-04T19:36:57.231+0000] {logging_mixin.py:190} INFO - [2025-04-04T19:36:57.231+0000] {dagbag.py:588} INFO - Filling up the DagBag from /opt/airflow/dags/assignment_1.py
[2025-04-04T19:36:57.247+0000] {processor.py:925} INFO - DAG(s) 'random_number_checker' retrieved from /opt/airflow/dags/assignment_1.py
[2025-04-04T19:36:57.301+0000] {logging_mixin.py:190} INFO - [2025-04-04T19:36:57.300+0000] {dag.py:3239} INFO - Sync 1 DAGs
[2025-04-04T19:36:57.344+0000] {logging_mixin.py:190} INFO - [2025-04-04T19:36:57.343+0000] {dag.py:4180} INFO - Setting next_dagrun for random_number_checker to 2025-04-03 00:00:00+00:00, run_after=2025-04-04 00:00:00+00:00
[2025-04-04T19:36:57.377+0000] {processor.py:208} INFO - Processing /opt/airflow/dags/assignment_1.py took 0.159 seconds
[2025-04-04T19:37:27.733+0000] {processor.py:186} INFO - Started process (PID=208) to work on /opt/airflow/dags/assignment_1.py
[2025-04-04T19:37:27.733+0000] {processor.py:914} INFO - Processing file /opt/airflow/dags/assignment_1.py for tasks to queue
[2025-04-04T19:37:27.735+0000] {logging_mixin.py:190} INFO - [2025-04-04T19:37:27.735+0000] {dagbag.py:588} INFO - Filling up the DagBag from /opt/airflow/dags/assignment_1.py
[2025-04-04T19:37:27.743+0000] {processor.py:925} INFO - DAG(s) 'random_number_checker' retrieved from /opt/airflow/dags/assignment_1.py
[2025-04-04T19:37:27.770+0000] {logging_mixin.py:190} INFO - [2025-04-04T19:37:27.770+0000] {dag.py:3239} INFO - Sync 1 DAGs
[2025-04-04T19:37:27.790+0000] {logging_mixin.py:190} INFO - [2025-04-04T19:37:27.790+0000] {dag.py:4180} INFO - Setting next_dagrun for random_number_checker to 2025-04-03 00:00:00+00:00, run_after=2025-04-04 00:00:00+00:00
[2025-04-04T19:37:27.804+0000] {processor.py:208} INFO - Processing /opt/airflow/dags/assignment_1.py took 0.075 seconds
[2025-04-04T19:39:13.325+0000] {processor.py:186} INFO - Started process (PID=183) to work on /opt/airflow/dags/assignment_1.py
[2025-04-04T19:39:13.326+0000] {processor.py:914} INFO - Processing file /opt/airflow/dags/assignment_1.py for tasks to queue
[2025-04-04T19:39:13.333+0000] {logging_mixin.py:190} INFO - [2025-04-04T19:39:13.333+0000] {dagbag.py:588} INFO - Filling up the DagBag from /opt/airflow/dags/assignment_1.py
[2025-04-04T19:39:13.348+0000] {processor.py:925} INFO - DAG(s) 'random_number_checker' retrieved from /opt/airflow/dags/assignment_1.py
[2025-04-04T19:39:13.395+0000] {logging_mixin.py:190} INFO - [2025-04-04T19:39:13.394+0000] {dag.py:3239} INFO - Sync 1 DAGs
[2025-04-04T19:39:13.463+0000] {logging_mixin.py:190} INFO - [2025-04-04T19:39:13.462+0000] {dag.py:4180} INFO - Setting next_dagrun for random_number_checker to 2025-04-03 00:00:00+00:00, run_after=2025-04-04 00:00:00+00:00
[2025-04-04T19:39:13.506+0000] {processor.py:208} INFO - Processing /opt/airflow/dags/assignment_1.py took 0.189 seconds
[2025-04-04T19:39:43.878+0000] {processor.py:186} INFO - Started process (PID=208) to work on /opt/airflow/dags/assignment_1.py
[2025-04-04T19:39:43.879+0000] {processor.py:914} INFO - Processing file /opt/airflow/dags/assignment_1.py for tasks to queue
[2025-04-04T19:39:43.880+0000] {logging_mixin.py:190} INFO - [2025-04-04T19:39:43.880+0000] {dagbag.py:588} INFO - Filling up the DagBag from /opt/airflow/dags/assignment_1.py
[2025-04-04T19:39:43.891+0000] {processor.py:925} INFO - DAG(s) 'random_number_checker' retrieved from /opt/airflow/dags/assignment_1.py
[2025-04-04T19:39:43.921+0000] {logging_mixin.py:190} INFO - [2025-04-04T19:39:43.921+0000] {dag.py:3239} INFO - Sync 1 DAGs
[2025-04-04T19:39:43.942+0000] {logging_mixin.py:190} INFO - [2025-04-04T19:39:43.942+0000] {dag.py:4180} INFO - Setting next_dagrun for random_number_checker to 2025-04-03 00:00:00+00:00, run_after=2025-04-04 00:00:00+00:00
[2025-04-04T19:39:43.958+0000] {processor.py:208} INFO - Processing /opt/airflow/dags/assignment_1.py took 0.085 seconds
[2025-04-04T19:40:14.415+0000] {processor.py:186} INFO - Started process (PID=233) to work on /opt/airflow/dags/assignment_1.py
[2025-04-04T19:40:14.416+0000] {processor.py:914} INFO - Processing file /opt/airflow/dags/assignment_1.py for tasks to queue
[2025-04-04T19:40:14.417+0000] {logging_mixin.py:190} INFO - [2025-04-04T19:40:14.417+0000] {dagbag.py:588} INFO - Filling up the DagBag from /opt/airflow/dags/assignment_1.py
[2025-04-04T19:40:14.426+0000] {processor.py:925} INFO - DAG(s) 'random_number_checker' retrieved from /opt/airflow/dags/assignment_1.py
[2025-04-04T19:40:14.450+0000] {logging_mixin.py:190} INFO - [2025-04-04T19:40:14.449+0000] {dag.py:3239} INFO - Sync 1 DAGs
[2025-04-04T19:40:14.470+0000] {logging_mixin.py:190} INFO - [2025-04-04T19:40:14.470+0000] {dag.py:4180} INFO - Setting next_dagrun for random_number_checker to 2025-04-03 00:00:00+00:00, run_after=2025-04-04 00:00:00+00:00
[2025-04-04T19:40:14.490+0000] {processor.py:208} INFO - Processing /opt/airflow/dags/assignment_1.py took 0.079 seconds
[2025-04-04T19:40:44.905+0000] {processor.py:186} INFO - Started process (PID=258) to work on /opt/airflow/dags/assignment_1.py
[2025-04-04T19:40:44.906+0000] {processor.py:914} INFO - Processing file /opt/airflow/dags/assignment_1.py for tasks to queue
[2025-04-04T19:40:44.909+0000] {logging_mixin.py:190} INFO - [2025-04-04T19:40:44.908+0000] {dagbag.py:588} INFO - Filling up the DagBag from /opt/airflow/dags/assignment_1.py
[2025-04-04T19:40:44.917+0000] {processor.py:925} INFO - DAG(s) 'random_number_checker' retrieved from /opt/airflow/dags/assignment_1.py
[2025-04-04T19:40:44.974+0000] {logging_mixin.py:190} INFO - [2025-04-04T19:40:44.973+0000] {dag.py:3239} INFO - Sync 1 DAGs
[2025-04-04T19:40:44.993+0000] {logging_mixin.py:190} INFO - [2025-04-04T19:40:44.993+0000] {dag.py:4180} INFO - Setting next_dagrun for random_number_checker to 2025-04-03 00:00:00+00:00, run_after=2025-04-04 00:00:00+00:00
[2025-04-04T19:40:45.010+0000] {processor.py:208} INFO - Processing /opt/airflow/dags/assignment_1.py took 0.110 seconds
[2025-04-04T19:41:15.419+0000] {processor.py:186} INFO - Started process (PID=283) to work on /opt/airflow/dags/assignment_1.py
[2025-04-04T19:41:15.420+0000] {processor.py:914} INFO - Processing file /opt/airflow/dags/assignment_1.py for tasks to queue
[2025-04-04T19:41:15.422+0000] {logging_mixin.py:190} INFO - [2025-04-04T19:41:15.422+0000] {dagbag.py:588} INFO - Filling up the DagBag from /opt/airflow/dags/assignment_1.py
[2025-04-04T19:41:15.430+0000] {processor.py:925} INFO - DAG(s) 'random_number_checker' retrieved from /opt/airflow/dags/assignment_1.py
[2025-04-04T19:41:15.454+0000] {logging_mixin.py:190} INFO - [2025-04-04T19:41:15.454+0000] {dag.py:3239} INFO - Sync 1 DAGs
[2025-04-04T19:41:15.476+0000] {logging_mixin.py:190} INFO - [2025-04-04T19:41:15.475+0000] {dag.py:4180} INFO - Setting next_dagrun for random_number_checker to 2025-04-03 00:00:00+00:00, run_after=2025-04-04 00:00:00+00:00
[2025-04-04T19:41:15.490+0000] {processor.py:208} INFO - Processing /opt/airflow/dags/assignment_1.py took 0.076 seconds
[2025-04-04T19:41:45.927+0000] {processor.py:186} INFO - Started process (PID=308) to work on /opt/airflow/dags/assignment_1.py
[2025-04-04T19:41:45.928+0000] {processor.py:914} INFO - Processing file /opt/airflow/dags/assignment_1.py for tasks to queue
[2025-04-04T19:41:45.929+0000] {logging_mixin.py:190} INFO - [2025-04-04T19:41:45.929+0000] {dagbag.py:588} INFO - Filling up the DagBag from /opt/airflow/dags/assignment_1.py
[2025-04-04T19:41:45.938+0000] {processor.py:925} INFO - DAG(s) 'random_number_checker' retrieved from /opt/airflow/dags/assignment_1.py
[2025-04-04T19:41:45.961+0000] {logging_mixin.py:190} INFO - [2025-04-04T19:41:45.961+0000] {dag.py:3239} INFO - Sync 1 DAGs
[2025-04-04T19:41:45.983+0000] {logging_mixin.py:190} INFO - [2025-04-04T19:41:45.982+0000] {dag.py:4180} INFO - Setting next_dagrun for random_number_checker to 2025-04-03 00:00:00+00:00, run_after=2025-04-04 00:00:00+00:00
[2025-04-04T19:41:46.002+0000] {processor.py:208} INFO - Processing /opt/airflow/dags/assignment_1.py took 0.079 seconds
[2025-04-04T19:42:16.420+0000] {processor.py:186} INFO - Started process (PID=333) to work on /opt/airflow/dags/assignment_1.py
[2025-04-04T19:42:16.420+0000] {processor.py:914} INFO - Processing file /opt/airflow/dags/assignment_1.py for tasks to queue
[2025-04-04T19:42:16.422+0000] {logging_mixin.py:190} INFO - [2025-04-04T19:42:16.422+0000] {dagbag.py:588} INFO - Filling up the DagBag from /opt/airflow/dags/assignment_1.py
[2025-04-04T19:42:16.431+0000] {processor.py:925} INFO - DAG(s) 'random_number_checker' retrieved from /opt/airflow/dags/assignment_1.py
[2025-04-04T19:42:16.452+0000] {logging_mixin.py:190} INFO - [2025-04-04T19:42:16.451+0000] {dag.py:3239} INFO - Sync 1 DAGs
[2025-04-04T19:42:16.473+0000] {logging_mixin.py:190} INFO - [2025-04-04T19:42:16.472+0000] {dag.py:4180} INFO - Setting next_dagrun for random_number_checker to 2025-04-03 00:00:00+00:00, run_after=2025-04-04 00:00:00+00:00
[2025-04-04T19:42:16.487+0000] {processor.py:208} INFO - Processing /opt/airflow/dags/assignment_1.py took 0.073 seconds
[2025-04-04T19:42:46.936+0000] {processor.py:186} INFO - Started process (PID=358) to work on /opt/airflow/dags/assignment_1.py
[2025-04-04T19:42:46.937+0000] {processor.py:914} INFO - Processing file /opt/airflow/dags/assignment_1.py for tasks to queue
[2025-04-04T19:42:46.939+0000] {logging_mixin.py:190} INFO - [2025-04-04T19:42:46.939+0000] {dagbag.py:588} INFO - Filling up the DagBag from /opt/airflow/dags/assignment_1.py
[2025-04-04T19:42:46.949+0000] {processor.py:925} INFO - DAG(s) 'random_number_checker' retrieved from /opt/airflow/dags/assignment_1.py
[2025-04-04T19:42:46.973+0000] {logging_mixin.py:190} INFO - [2025-04-04T19:42:46.973+0000] {dag.py:3239} INFO - Sync 1 DAGs
[2025-04-04T19:42:46.995+0000] {logging_mixin.py:190} INFO - [2025-04-04T19:42:46.994+0000] {dag.py:4180} INFO - Setting next_dagrun for random_number_checker to 2025-04-03 00:00:00+00:00, run_after=2025-04-04 00:00:00+00:00
[2025-04-04T19:42:47.009+0000] {processor.py:208} INFO - Processing /opt/airflow/dags/assignment_1.py took 0.076 seconds
[2025-04-04T19:43:17.397+0000] {processor.py:186} INFO - Started process (PID=383) to work on /opt/airflow/dags/assignment_1.py
[2025-04-04T19:43:17.398+0000] {processor.py:914} INFO - Processing file /opt/airflow/dags/assignment_1.py for tasks to queue
[2025-04-04T19:43:17.400+0000] {logging_mixin.py:190} INFO - [2025-04-04T19:43:17.400+0000] {dagbag.py:588} INFO - Filling up the DagBag from /opt/airflow/dags/assignment_1.py
[2025-04-04T19:43:17.408+0000] {processor.py:925} INFO - DAG(s) 'random_number_checker' retrieved from /opt/airflow/dags/assignment_1.py
[2025-04-04T19:43:17.432+0000] {logging_mixin.py:190} INFO - [2025-04-04T19:43:17.432+0000] {dag.py:3239} INFO - Sync 1 DAGs
[2025-04-04T19:43:17.455+0000] {logging_mixin.py:190} INFO - [2025-04-04T19:43:17.455+0000] {dag.py:4180} INFO - Setting next_dagrun for random_number_checker to 2025-04-03 00:00:00+00:00, run_after=2025-04-04 00:00:00+00:00
[2025-04-04T19:43:17.478+0000] {processor.py:208} INFO - Processing /opt/airflow/dags/assignment_1.py took 0.085 seconds
[2025-04-04T19:43:47.899+0000] {processor.py:186} INFO - Started process (PID=408) to work on /opt/airflow/dags/assignment_1.py
[2025-04-04T19:43:47.900+0000] {processor.py:914} INFO - Processing file /opt/airflow/dags/assignment_1.py for tasks to queue
[2025-04-04T19:43:47.901+0000] {logging_mixin.py:190} INFO - [2025-04-04T19:43:47.901+0000] {dagbag.py:588} INFO - Filling up the DagBag from /opt/airflow/dags/assignment_1.py
[2025-04-04T19:43:47.910+0000] {processor.py:925} INFO - DAG(s) 'random_number_checker' retrieved from /opt/airflow/dags/assignment_1.py
[2025-04-04T19:43:47.940+0000] {logging_mixin.py:190} INFO - [2025-04-04T19:43:47.940+0000] {dag.py:3239} INFO - Sync 1 DAGs
[2025-04-04T19:43:47.963+0000] {logging_mixin.py:190} INFO - [2025-04-04T19:43:47.963+0000] {dag.py:4180} INFO - Setting next_dagrun for random_number_checker to 2025-04-03 00:00:00+00:00, run_after=2025-04-04 00:00:00+00:00
[2025-04-04T19:43:47.978+0000] {processor.py:208} INFO - Processing /opt/airflow/dags/assignment_1.py took 0.084 seconds
[2025-04-04T19:44:18.386+0000] {processor.py:186} INFO - Started process (PID=433) to work on /opt/airflow/dags/assignment_1.py
[2025-04-04T19:44:18.386+0000] {processor.py:914} INFO - Processing file /opt/airflow/dags/assignment_1.py for tasks to queue
[2025-04-04T19:44:18.389+0000] {logging_mixin.py:190} INFO - [2025-04-04T19:44:18.388+0000] {dagbag.py:588} INFO - Filling up the DagBag from /opt/airflow/dags/assignment_1.py
[2025-04-04T19:44:18.397+0000] {processor.py:925} INFO - DAG(s) 'random_number_checker' retrieved from /opt/airflow/dags/assignment_1.py
[2025-04-04T19:44:18.420+0000] {logging_mixin.py:190} INFO - [2025-04-04T19:44:18.419+0000] {dag.py:3239} INFO - Sync 1 DAGs
[2025-04-04T19:44:18.441+0000] {logging_mixin.py:190} INFO - [2025-04-04T19:44:18.441+0000] {dag.py:4180} INFO - Setting next_dagrun for random_number_checker to 2025-04-03 00:00:00+00:00, run_after=2025-04-04 00:00:00+00:00
[2025-04-04T19:44:18.455+0000] {processor.py:208} INFO - Processing /opt/airflow/dags/assignment_1.py took 0.075 seconds
[2025-04-04T19:44:48.835+0000] {processor.py:186} INFO - Started process (PID=458) to work on /opt/airflow/dags/assignment_1.py
[2025-04-04T19:44:48.836+0000] {processor.py:914} INFO - Processing file /opt/airflow/dags/assignment_1.py for tasks to queue
[2025-04-04T19:44:48.838+0000] {logging_mixin.py:190} INFO - [2025-04-04T19:44:48.838+0000] {dagbag.py:588} INFO - Filling up the DagBag from /opt/airflow/dags/assignment_1.py
[2025-04-04T19:44:48.847+0000] {processor.py:925} INFO - DAG(s) 'random_number_checker' retrieved from /opt/airflow/dags/assignment_1.py
[2025-04-04T19:44:48.868+0000] {logging_mixin.py:190} INFO - [2025-04-04T19:44:48.868+0000] {dag.py:3239} INFO - Sync 1 DAGs
[2025-04-04T19:44:48.889+0000] {logging_mixin.py:190} INFO - [2025-04-04T19:44:48.889+0000] {dag.py:4180} INFO - Setting next_dagrun for random_number_checker to 2025-04-03 00:00:00+00:00, run_after=2025-04-04 00:00:00+00:00
[2025-04-04T19:44:48.905+0000] {processor.py:208} INFO - Processing /opt/airflow/dags/assignment_1.py took 0.075 seconds
[2025-04-04T19:45:19.317+0000] {processor.py:186} INFO - Started process (PID=483) to work on /opt/airflow/dags/assignment_1.py
[2025-04-04T19:45:19.318+0000] {processor.py:914} INFO - Processing file /opt/airflow/dags/assignment_1.py for tasks to queue
[2025-04-04T19:45:19.320+0000] {logging_mixin.py:190} INFO - [2025-04-04T19:45:19.320+0000] {dagbag.py:588} INFO - Filling up the DagBag from /opt/airflow/dags/assignment_1.py
[2025-04-04T19:45:19.328+0000] {processor.py:925} INFO - DAG(s) 'random_number_checker' retrieved from /opt/airflow/dags/assignment_1.py
[2025-04-04T19:45:19.352+0000] {logging_mixin.py:190} INFO - [2025-04-04T19:45:19.352+0000] {dag.py:3239} INFO - Sync 1 DAGs
[2025-04-04T19:45:19.370+0000] {logging_mixin.py:190} INFO - [2025-04-04T19:45:19.370+0000] {dag.py:4180} INFO - Setting next_dagrun for random_number_checker to 2025-04-03 00:00:00+00:00, run_after=2025-04-04 00:00:00+00:00
[2025-04-04T19:45:19.386+0000] {processor.py:208} INFO - Processing /opt/airflow/dags/assignment_1.py took 0.073 seconds
[2025-04-04T19:45:49.802+0000] {processor.py:186} INFO - Started process (PID=508) to work on /opt/airflow/dags/assignment_1.py
[2025-04-04T19:45:49.803+0000] {processor.py:914} INFO - Processing file /opt/airflow/dags/assignment_1.py for tasks to queue
[2025-04-04T19:45:49.805+0000] {logging_mixin.py:190} INFO - [2025-04-04T19:45:49.804+0000] {dagbag.py:588} INFO - Filling up the DagBag from /opt/airflow/dags/assignment_1.py
[2025-04-04T19:45:49.813+0000] {processor.py:925} INFO - DAG(s) 'random_number_checker' retrieved from /opt/airflow/dags/assignment_1.py
[2025-04-04T19:45:49.840+0000] {logging_mixin.py:190} INFO - [2025-04-04T19:45:49.840+0000] {dag.py:3239} INFO - Sync 1 DAGs
[2025-04-04T19:45:49.862+0000] {logging_mixin.py:190} INFO - [2025-04-04T19:45:49.862+0000] {dag.py:4180} INFO - Setting next_dagrun for random_number_checker to 2025-04-03 00:00:00+00:00, run_after=2025-04-04 00:00:00+00:00
[2025-04-04T19:45:49.878+0000] {processor.py:208} INFO - Processing /opt/airflow/dags/assignment_1.py took 0.081 seconds
[2025-04-04T19:46:20.323+0000] {processor.py:186} INFO - Started process (PID=533) to work on /opt/airflow/dags/assignment_1.py
[2025-04-04T19:46:20.324+0000] {processor.py:914} INFO - Processing file /opt/airflow/dags/assignment_1.py for tasks to queue
[2025-04-04T19:46:20.327+0000] {logging_mixin.py:190} INFO - [2025-04-04T19:46:20.327+0000] {dagbag.py:588} INFO - Filling up the DagBag from /opt/airflow/dags/assignment_1.py
[2025-04-04T19:46:20.338+0000] {processor.py:925} INFO - DAG(s) 'random_number_checker' retrieved from /opt/airflow/dags/assignment_1.py
[2025-04-04T19:46:20.360+0000] {logging_mixin.py:190} INFO - [2025-04-04T19:46:20.360+0000] {dag.py:3239} INFO - Sync 1 DAGs
[2025-04-04T19:46:20.384+0000] {logging_mixin.py:190} INFO - [2025-04-04T19:46:20.383+0000] {dag.py:4180} INFO - Setting next_dagrun for random_number_checker to 2025-04-03 00:00:00+00:00, run_after=2025-04-04 00:00:00+00:00
[2025-04-04T19:46:20.400+0000] {processor.py:208} INFO - Processing /opt/airflow/dags/assignment_1.py took 0.082 seconds
[2025-04-04T19:46:50.896+0000] {processor.py:186} INFO - Started process (PID=558) to work on /opt/airflow/dags/assignment_1.py
[2025-04-04T19:46:50.896+0000] {processor.py:914} INFO - Processing file /opt/airflow/dags/assignment_1.py for tasks to queue
[2025-04-04T19:46:50.899+0000] {logging_mixin.py:190} INFO - [2025-04-04T19:46:50.899+0000] {dagbag.py:588} INFO - Filling up the DagBag from /opt/airflow/dags/assignment_1.py
[2025-04-04T19:46:50.907+0000] {processor.py:925} INFO - DAG(s) 'random_number_checker' retrieved from /opt/airflow/dags/assignment_1.py
[2025-04-04T19:46:50.931+0000] {logging_mixin.py:190} INFO - [2025-04-04T19:46:50.931+0000] {dag.py:3239} INFO - Sync 1 DAGs
[2025-04-04T19:46:50.955+0000] {logging_mixin.py:190} INFO - [2025-04-04T19:46:50.955+0000] {dag.py:4180} INFO - Setting next_dagrun for random_number_checker to 2025-04-03 00:00:00+00:00, run_after=2025-04-04 00:00:00+00:00
[2025-04-04T19:46:50.971+0000] {processor.py:208} INFO - Processing /opt/airflow/dags/assignment_1.py took 0.080 seconds
[2025-04-04T19:47:21.407+0000] {processor.py:186} INFO - Started process (PID=583) to work on /opt/airflow/dags/assignment_1.py
[2025-04-04T19:47:21.408+0000] {processor.py:914} INFO - Processing file /opt/airflow/dags/assignment_1.py for tasks to queue
[2025-04-04T19:47:21.410+0000] {logging_mixin.py:190} INFO - [2025-04-04T19:47:21.410+0000] {dagbag.py:588} INFO - Filling up the DagBag from /opt/airflow/dags/assignment_1.py
[2025-04-04T19:47:21.419+0000] {processor.py:925} INFO - DAG(s) 'random_number_checker' retrieved from /opt/airflow/dags/assignment_1.py
[2025-04-04T19:47:21.442+0000] {logging_mixin.py:190} INFO - [2025-04-04T19:47:21.442+0000] {dag.py:3239} INFO - Sync 1 DAGs
[2025-04-04T19:47:21.463+0000] {logging_mixin.py:190} INFO - [2025-04-04T19:47:21.463+0000] {dag.py:4180} INFO - Setting next_dagrun for random_number_checker to 2025-04-03 00:00:00+00:00, run_after=2025-04-04 00:00:00+00:00
[2025-04-04T19:47:21.479+0000] {processor.py:208} INFO - Processing /opt/airflow/dags/assignment_1.py took 0.079 seconds
[2025-04-04T19:47:51.875+0000] {processor.py:186} INFO - Started process (PID=608) to work on /opt/airflow/dags/assignment_1.py
[2025-04-04T19:47:51.876+0000] {processor.py:914} INFO - Processing file /opt/airflow/dags/assignment_1.py for tasks to queue
[2025-04-04T19:47:51.878+0000] {logging_mixin.py:190} INFO - [2025-04-04T19:47:51.878+0000] {dagbag.py:588} INFO - Filling up the DagBag from /opt/airflow/dags/assignment_1.py
[2025-04-04T19:47:51.886+0000] {processor.py:925} INFO - DAG(s) 'random_number_checker' retrieved from /opt/airflow/dags/assignment_1.py
[2025-04-04T19:47:51.910+0000] {logging_mixin.py:190} INFO - [2025-04-04T19:47:51.910+0000] {dag.py:3239} INFO - Sync 1 DAGs
[2025-04-04T19:47:51.931+0000] {logging_mixin.py:190} INFO - [2025-04-04T19:47:51.931+0000] {dag.py:4180} INFO - Setting next_dagrun for random_number_checker to 2025-04-03 00:00:00+00:00, run_after=2025-04-04 00:00:00+00:00
[2025-04-04T19:47:51.949+0000] {processor.py:208} INFO - Processing /opt/airflow/dags/assignment_1.py took 0.079 seconds
[2025-04-04T19:48:22.370+0000] {processor.py:186} INFO - Started process (PID=633) to work on /opt/airflow/dags/assignment_1.py
[2025-04-04T19:48:22.371+0000] {processor.py:914} INFO - Processing file /opt/airflow/dags/assignment_1.py for tasks to queue
[2025-04-04T19:48:22.374+0000] {logging_mixin.py:190} INFO - [2025-04-04T19:48:22.374+0000] {dagbag.py:588} INFO - Filling up the DagBag from /opt/airflow/dags/assignment_1.py
[2025-04-04T19:48:22.382+0000] {processor.py:925} INFO - DAG(s) 'random_number_checker' retrieved from /opt/airflow/dags/assignment_1.py
[2025-04-04T19:48:22.403+0000] {logging_mixin.py:190} INFO - [2025-04-04T19:48:22.403+0000] {dag.py:3239} INFO - Sync 1 DAGs
[2025-04-04T19:48:22.426+0000] {logging_mixin.py:190} INFO - [2025-04-04T19:48:22.426+0000] {dag.py:4180} INFO - Setting next_dagrun for random_number_checker to 2025-04-03 00:00:00+00:00, run_after=2025-04-04 00:00:00+00:00
[2025-04-04T19:48:22.442+0000] {processor.py:208} INFO - Processing /opt/airflow/dags/assignment_1.py took 0.077 seconds
[2025-04-04T19:48:52.834+0000] {processor.py:186} INFO - Started process (PID=658) to work on /opt/airflow/dags/assignment_1.py
[2025-04-04T19:48:52.835+0000] {processor.py:914} INFO - Processing file /opt/airflow/dags/assignment_1.py for tasks to queue
[2025-04-04T19:48:52.838+0000] {logging_mixin.py:190} INFO - [2025-04-04T19:48:52.838+0000] {dagbag.py:588} INFO - Filling up the DagBag from /opt/airflow/dags/assignment_1.py
[2025-04-04T19:48:52.845+0000] {processor.py:925} INFO - DAG(s) 'random_number_checker' retrieved from /opt/airflow/dags/assignment_1.py
[2025-04-04T19:48:52.873+0000] {logging_mixin.py:190} INFO - [2025-04-04T19:48:52.873+0000] {dag.py:3239} INFO - Sync 1 DAGs
[2025-04-04T19:48:52.900+0000] {logging_mixin.py:190} INFO - [2025-04-04T19:48:52.900+0000] {dag.py:4180} INFO - Setting next_dagrun for random_number_checker to 2025-04-03 00:00:00+00:00, run_after=2025-04-04 00:00:00+00:00
[2025-04-04T19:48:52.916+0000] {processor.py:208} INFO - Processing /opt/airflow/dags/assignment_1.py took 0.086 seconds
[2025-04-04T19:49:23.350+0000] {processor.py:186} INFO - Started process (PID=683) to work on /opt/airflow/dags/assignment_1.py
[2025-04-04T19:49:23.351+0000] {processor.py:914} INFO - Processing file /opt/airflow/dags/assignment_1.py for tasks to queue
[2025-04-04T19:49:23.353+0000] {logging_mixin.py:190} INFO - [2025-04-04T19:49:23.353+0000] {dagbag.py:588} INFO - Filling up the DagBag from /opt/airflow/dags/assignment_1.py
[2025-04-04T19:49:23.361+0000] {processor.py:925} INFO - DAG(s) 'random_number_checker' retrieved from /opt/airflow/dags/assignment_1.py
[2025-04-04T19:49:23.385+0000] {logging_mixin.py:190} INFO - [2025-04-04T19:49:23.385+0000] {dag.py:3239} INFO - Sync 1 DAGs
[2025-04-04T19:49:23.406+0000] {logging_mixin.py:190} INFO - [2025-04-04T19:49:23.406+0000] {dag.py:4180} INFO - Setting next_dagrun for random_number_checker to 2025-04-03 00:00:00+00:00, run_after=2025-04-04 00:00:00+00:00
[2025-04-04T19:49:23.422+0000] {processor.py:208} INFO - Processing /opt/airflow/dags/assignment_1.py took 0.077 seconds
[2025-04-04T19:49:53.815+0000] {processor.py:186} INFO - Started process (PID=708) to work on /opt/airflow/dags/assignment_1.py
[2025-04-04T19:49:53.816+0000] {processor.py:914} INFO - Processing file /opt/airflow/dags/assignment_1.py for tasks to queue
[2025-04-04T19:49:53.818+0000] {logging_mixin.py:190} INFO - [2025-04-04T19:49:53.818+0000] {dagbag.py:588} INFO - Filling up the DagBag from /opt/airflow/dags/assignment_1.py
[2025-04-04T19:49:53.826+0000] {processor.py:925} INFO - DAG(s) 'random_number_checker' retrieved from /opt/airflow/dags/assignment_1.py
[2025-04-04T19:49:53.851+0000] {logging_mixin.py:190} INFO - [2025-04-04T19:49:53.851+0000] {dag.py:3239} INFO - Sync 1 DAGs
[2025-04-04T19:49:53.873+0000] {logging_mixin.py:190} INFO - [2025-04-04T19:49:53.873+0000] {dag.py:4180} INFO - Setting next_dagrun for random_number_checker to 2025-04-03 00:00:00+00:00, run_after=2025-04-04 00:00:00+00:00
[2025-04-04T19:49:53.890+0000] {processor.py:208} INFO - Processing /opt/airflow/dags/assignment_1.py took 0.080 seconds
[2025-04-04T19:50:24.303+0000] {processor.py:186} INFO - Started process (PID=733) to work on /opt/airflow/dags/assignment_1.py
[2025-04-04T19:50:24.304+0000] {processor.py:914} INFO - Processing file /opt/airflow/dags/assignment_1.py for tasks to queue
[2025-04-04T19:50:24.307+0000] {logging_mixin.py:190} INFO - [2025-04-04T19:50:24.306+0000] {dagbag.py:588} INFO - Filling up the DagBag from /opt/airflow/dags/assignment_1.py
[2025-04-04T19:50:24.315+0000] {processor.py:925} INFO - DAG(s) 'random_number_checker' retrieved from /opt/airflow/dags/assignment_1.py
[2025-04-04T19:50:24.344+0000] {logging_mixin.py:190} INFO - [2025-04-04T19:50:24.344+0000] {dag.py:3239} INFO - Sync 1 DAGs
[2025-04-04T19:50:24.366+0000] {logging_mixin.py:190} INFO - [2025-04-04T19:50:24.366+0000] {dag.py:4180} INFO - Setting next_dagrun for random_number_checker to 2025-04-03 00:00:00+00:00, run_after=2025-04-04 00:00:00+00:00
[2025-04-04T19:50:24.380+0000] {processor.py:208} INFO - Processing /opt/airflow/dags/assignment_1.py took 0.082 seconds
[2025-04-04T19:51:31.590+0000] {processor.py:186} INFO - Started process (PID=183) to work on /opt/airflow/dags/assignment_1.py
[2025-04-04T19:51:31.591+0000] {processor.py:914} INFO - Processing file /opt/airflow/dags/assignment_1.py for tasks to queue
[2025-04-04T19:51:31.595+0000] {logging_mixin.py:190} INFO - [2025-04-04T19:51:31.594+0000] {dagbag.py:588} INFO - Filling up the DagBag from /opt/airflow/dags/assignment_1.py
[2025-04-04T19:51:31.608+0000] {processor.py:925} INFO - DAG(s) 'random_number_checker' retrieved from /opt/airflow/dags/assignment_1.py
[2025-04-04T19:51:31.652+0000] {logging_mixin.py:190} INFO - [2025-04-04T19:51:31.651+0000] {dag.py:3239} INFO - Sync 1 DAGs
[2025-04-04T19:51:31.688+0000] {logging_mixin.py:190} INFO - [2025-04-04T19:51:31.688+0000] {dag.py:4180} INFO - Setting next_dagrun for random_number_checker to 2025-04-03 00:00:00+00:00, run_after=2025-04-04 00:00:00+00:00
[2025-04-04T19:51:31.717+0000] {processor.py:208} INFO - Processing /opt/airflow/dags/assignment_1.py took 0.136 seconds
[2025-04-04T19:53:17.266+0000] {processor.py:186} INFO - Started process (PID=183) to work on /opt/airflow/dags/assignment_1.py
[2025-04-04T19:53:17.267+0000] {processor.py:914} INFO - Processing file /opt/airflow/dags/assignment_1.py for tasks to queue
[2025-04-04T19:53:17.271+0000] {logging_mixin.py:190} INFO - [2025-04-04T19:53:17.270+0000] {dagbag.py:588} INFO - Filling up the DagBag from /opt/airflow/dags/assignment_1.py
[2025-04-04T19:53:17.289+0000] {processor.py:925} INFO - DAG(s) 'random_number_checker' retrieved from /opt/airflow/dags/assignment_1.py
[2025-04-04T19:53:17.330+0000] {logging_mixin.py:190} INFO - [2025-04-04T19:53:17.329+0000] {dag.py:3239} INFO - Sync 1 DAGs
[2025-04-04T19:53:17.368+0000] {logging_mixin.py:190} INFO - [2025-04-04T19:53:17.368+0000] {dag.py:4180} INFO - Setting next_dagrun for random_number_checker to 2025-04-03 00:00:00+00:00, run_after=2025-04-04 00:00:00+00:00
[2025-04-04T19:53:17.401+0000] {processor.py:208} INFO - Processing /opt/airflow/dags/assignment_1.py took 0.145 seconds
[2025-04-04T19:55:35.880+0000] {processor.py:186} INFO - Started process (PID=183) to work on /opt/airflow/dags/assignment_1.py
[2025-04-04T19:55:35.881+0000] {processor.py:914} INFO - Processing file /opt/airflow/dags/assignment_1.py for tasks to queue
[2025-04-04T19:55:35.883+0000] {logging_mixin.py:190} INFO - [2025-04-04T19:55:35.883+0000] {dagbag.py:588} INFO - Filling up the DagBag from /opt/airflow/dags/assignment_1.py
[2025-04-04T19:55:35.897+0000] {processor.py:925} INFO - DAG(s) 'random_number_checker' retrieved from /opt/airflow/dags/assignment_1.py
[2025-04-04T19:55:35.930+0000] {logging_mixin.py:190} INFO - [2025-04-04T19:55:35.930+0000] {dag.py:3239} INFO - Sync 1 DAGs
[2025-04-04T19:55:35.962+0000] {logging_mixin.py:190} INFO - [2025-04-04T19:55:35.961+0000] {dag.py:4180} INFO - Setting next_dagrun for random_number_checker to 2025-04-03 00:00:00+00:00, run_after=2025-04-04 00:00:00+00:00
[2025-04-04T19:55:35.987+0000] {processor.py:208} INFO - Processing /opt/airflow/dags/assignment_1.py took 0.114 seconds
[2025-04-04T19:57:22.262+0000] {processor.py:186} INFO - Started process (PID=183) to work on /opt/airflow/dags/assignment_1.py
[2025-04-04T19:57:22.263+0000] {processor.py:914} INFO - Processing file /opt/airflow/dags/assignment_1.py for tasks to queue
[2025-04-04T19:57:22.267+0000] {logging_mixin.py:190} INFO - [2025-04-04T19:57:22.266+0000] {dagbag.py:588} INFO - Filling up the DagBag from /opt/airflow/dags/assignment_1.py
[2025-04-04T19:57:22.282+0000] {processor.py:925} INFO - DAG(s) 'random_number_checker' retrieved from /opt/airflow/dags/assignment_1.py
[2025-04-04T19:57:22.335+0000] {logging_mixin.py:190} INFO - [2025-04-04T19:57:22.334+0000] {dag.py:3239} INFO - Sync 1 DAGs
[2025-04-04T19:57:22.375+0000] {logging_mixin.py:190} INFO - [2025-04-04T19:57:22.375+0000] {dag.py:4180} INFO - Setting next_dagrun for random_number_checker to 2025-04-03 00:00:00+00:00, run_after=2025-04-04 00:00:00+00:00
[2025-04-04T19:57:22.400+0000] {processor.py:208} INFO - Processing /opt/airflow/dags/assignment_1.py took 0.144 seconds
[2025-04-04T19:57:52.836+0000] {processor.py:186} INFO - Started process (PID=208) to work on /opt/airflow/dags/assignment_1.py
[2025-04-04T19:57:52.837+0000] {processor.py:914} INFO - Processing file /opt/airflow/dags/assignment_1.py for tasks to queue
[2025-04-04T19:57:52.838+0000] {logging_mixin.py:190} INFO - [2025-04-04T19:57:52.838+0000] {dagbag.py:588} INFO - Filling up the DagBag from /opt/airflow/dags/assignment_1.py
[2025-04-04T19:57:52.845+0000] {processor.py:925} INFO - DAG(s) 'random_number_checker' retrieved from /opt/airflow/dags/assignment_1.py
[2025-04-04T19:57:52.865+0000] {logging_mixin.py:190} INFO - [2025-04-04T19:57:52.864+0000] {dag.py:3239} INFO - Sync 1 DAGs
[2025-04-04T19:57:52.885+0000] {logging_mixin.py:190} INFO - [2025-04-04T19:57:52.885+0000] {dag.py:4180} INFO - Setting next_dagrun for random_number_checker to 2025-04-03 00:00:00+00:00, run_after=2025-04-04 00:00:00+00:00
[2025-04-04T19:57:52.901+0000] {processor.py:208} INFO - Processing /opt/airflow/dags/assignment_1.py took 0.069 seconds
[2025-04-04T19:58:23.278+0000] {processor.py:186} INFO - Started process (PID=233) to work on /opt/airflow/dags/assignment_1.py
[2025-04-04T19:58:23.279+0000] {processor.py:914} INFO - Processing file /opt/airflow/dags/assignment_1.py for tasks to queue
[2025-04-04T19:58:23.280+0000] {logging_mixin.py:190} INFO - [2025-04-04T19:58:23.280+0000] {dagbag.py:588} INFO - Filling up the DagBag from /opt/airflow/dags/assignment_1.py
[2025-04-04T19:58:23.292+0000] {processor.py:925} INFO - DAG(s) 'random_number_checker' retrieved from /opt/airflow/dags/assignment_1.py
[2025-04-04T19:58:23.321+0000] {logging_mixin.py:190} INFO - [2025-04-04T19:58:23.321+0000] {dag.py:3239} INFO - Sync 1 DAGs
[2025-04-04T19:58:23.346+0000] {logging_mixin.py:190} INFO - [2025-04-04T19:58:23.346+0000] {dag.py:4180} INFO - Setting next_dagrun for random_number_checker to 2025-04-03 00:00:00+00:00, run_after=2025-04-04 00:00:00+00:00
[2025-04-04T19:58:23.360+0000] {processor.py:208} INFO - Processing /opt/airflow/dags/assignment_1.py took 0.087 seconds
[2025-04-04T19:58:53.752+0000] {processor.py:186} INFO - Started process (PID=260) to work on /opt/airflow/dags/assignment_1.py
[2025-04-04T19:58:53.753+0000] {processor.py:914} INFO - Processing file /opt/airflow/dags/assignment_1.py for tasks to queue
[2025-04-04T19:58:53.755+0000] {logging_mixin.py:190} INFO - [2025-04-04T19:58:53.754+0000] {dagbag.py:588} INFO - Filling up the DagBag from /opt/airflow/dags/assignment_1.py
[2025-04-04T19:58:53.763+0000] {processor.py:925} INFO - DAG(s) 'random_number_checker' retrieved from /opt/airflow/dags/assignment_1.py
[2025-04-04T19:58:53.787+0000] {logging_mixin.py:190} INFO - [2025-04-04T19:58:53.786+0000] {dag.py:3239} INFO - Sync 1 DAGs
[2025-04-04T19:58:53.803+0000] {logging_mixin.py:190} INFO - [2025-04-04T19:58:53.803+0000] {dag.py:4180} INFO - Setting next_dagrun for random_number_checker to 2025-04-03 00:00:00+00:00, run_after=2025-04-04 00:00:00+00:00
[2025-04-04T19:58:53.822+0000] {processor.py:208} INFO - Processing /opt/airflow/dags/assignment_1.py took 0.075 seconds
[2025-04-04T19:59:24.177+0000] {processor.py:186} INFO - Started process (PID=283) to work on /opt/airflow/dags/assignment_1.py
[2025-04-04T19:59:24.178+0000] {processor.py:914} INFO - Processing file /opt/airflow/dags/assignment_1.py for tasks to queue
[2025-04-04T19:59:24.181+0000] {logging_mixin.py:190} INFO - [2025-04-04T19:59:24.180+0000] {dagbag.py:588} INFO - Filling up the DagBag from /opt/airflow/dags/assignment_1.py
[2025-04-04T19:59:24.189+0000] {processor.py:925} INFO - DAG(s) 'random_number_checker' retrieved from /opt/airflow/dags/assignment_1.py
[2025-04-04T19:59:24.216+0000] {logging_mixin.py:190} INFO - [2025-04-04T19:59:24.215+0000] {dag.py:3239} INFO - Sync 1 DAGs
[2025-04-04T19:59:24.234+0000] {logging_mixin.py:190} INFO - [2025-04-04T19:59:24.234+0000] {dag.py:4180} INFO - Setting next_dagrun for random_number_checker to 2025-04-03 00:00:00+00:00, run_after=2025-04-04 00:00:00+00:00
[2025-04-04T19:59:24.251+0000] {processor.py:208} INFO - Processing /opt/airflow/dags/assignment_1.py took 0.080 seconds
[2025-04-04T19:59:54.672+0000] {processor.py:186} INFO - Started process (PID=308) to work on /opt/airflow/dags/assignment_1.py
[2025-04-04T19:59:54.672+0000] {processor.py:914} INFO - Processing file /opt/airflow/dags/assignment_1.py for tasks to queue
[2025-04-04T19:59:54.675+0000] {logging_mixin.py:190} INFO - [2025-04-04T19:59:54.674+0000] {dagbag.py:588} INFO - Filling up the DagBag from /opt/airflow/dags/assignment_1.py
[2025-04-04T19:59:54.682+0000] {processor.py:925} INFO - DAG(s) 'random_number_checker' retrieved from /opt/airflow/dags/assignment_1.py
[2025-04-04T19:59:54.705+0000] {logging_mixin.py:190} INFO - [2025-04-04T19:59:54.704+0000] {dag.py:3239} INFO - Sync 1 DAGs
[2025-04-04T19:59:54.726+0000] {logging_mixin.py:190} INFO - [2025-04-04T19:59:54.726+0000] {dag.py:4180} INFO - Setting next_dagrun for random_number_checker to 2025-04-03 00:00:00+00:00, run_after=2025-04-04 00:00:00+00:00
[2025-04-04T19:59:54.742+0000] {processor.py:208} INFO - Processing /opt/airflow/dags/assignment_1.py took 0.075 seconds
[2025-04-04T20:00:25.179+0000] {processor.py:186} INFO - Started process (PID=333) to work on /opt/airflow/dags/assignment_1.py
[2025-04-04T20:00:25.180+0000] {processor.py:914} INFO - Processing file /opt/airflow/dags/assignment_1.py for tasks to queue
[2025-04-04T20:00:25.182+0000] {logging_mixin.py:190} INFO - [2025-04-04T20:00:25.182+0000] {dagbag.py:588} INFO - Filling up the DagBag from /opt/airflow/dags/assignment_1.py
[2025-04-04T20:00:25.191+0000] {processor.py:925} INFO - DAG(s) 'random_number_checker' retrieved from /opt/airflow/dags/assignment_1.py
[2025-04-04T20:00:25.332+0000] {logging_mixin.py:190} INFO - [2025-04-04T20:00:25.332+0000] {dag.py:3239} INFO - Sync 1 DAGs
[2025-04-04T20:00:25.353+0000] {logging_mixin.py:190} INFO - [2025-04-04T20:00:25.353+0000] {dag.py:4180} INFO - Setting next_dagrun for random_number_checker to 2025-04-03 00:00:00+00:00, run_after=2025-04-04 00:00:00+00:00
[2025-04-04T20:00:25.366+0000] {processor.py:208} INFO - Processing /opt/airflow/dags/assignment_1.py took 0.191 seconds
[2025-04-04T20:00:55.821+0000] {processor.py:186} INFO - Started process (PID=358) to work on /opt/airflow/dags/assignment_1.py
[2025-04-04T20:00:55.822+0000] {processor.py:914} INFO - Processing file /opt/airflow/dags/assignment_1.py for tasks to queue
[2025-04-04T20:00:55.825+0000] {logging_mixin.py:190} INFO - [2025-04-04T20:00:55.824+0000] {dagbag.py:588} INFO - Filling up the DagBag from /opt/airflow/dags/assignment_1.py
[2025-04-04T20:00:55.832+0000] {processor.py:925} INFO - DAG(s) 'random_number_checker' retrieved from /opt/airflow/dags/assignment_1.py
[2025-04-04T20:00:55.852+0000] {logging_mixin.py:190} INFO - [2025-04-04T20:00:55.852+0000] {dag.py:3239} INFO - Sync 1 DAGs
[2025-04-04T20:00:55.874+0000] {logging_mixin.py:190} INFO - [2025-04-04T20:00:55.873+0000] {dag.py:4180} INFO - Setting next_dagrun for random_number_checker to 2025-04-03 00:00:00+00:00, run_after=2025-04-04 00:00:00+00:00
[2025-04-04T20:00:55.893+0000] {processor.py:208} INFO - Processing /opt/airflow/dags/assignment_1.py took 0.077 seconds
[2025-04-04T20:01:26.328+0000] {processor.py:186} INFO - Started process (PID=383) to work on /opt/airflow/dags/assignment_1.py
[2025-04-04T20:01:26.328+0000] {processor.py:914} INFO - Processing file /opt/airflow/dags/assignment_1.py for tasks to queue
[2025-04-04T20:01:26.330+0000] {logging_mixin.py:190} INFO - [2025-04-04T20:01:26.330+0000] {dagbag.py:588} INFO - Filling up the DagBag from /opt/airflow/dags/assignment_1.py
[2025-04-04T20:01:26.338+0000] {processor.py:925} INFO - DAG(s) 'random_number_checker' retrieved from /opt/airflow/dags/assignment_1.py
[2025-04-04T20:01:26.357+0000] {logging_mixin.py:190} INFO - [2025-04-04T20:01:26.357+0000] {dag.py:3239} INFO - Sync 1 DAGs
[2025-04-04T20:01:26.377+0000] {logging_mixin.py:190} INFO - [2025-04-04T20:01:26.377+0000] {dag.py:4180} INFO - Setting next_dagrun for random_number_checker to 2025-04-03 00:00:00+00:00, run_after=2025-04-04 00:00:00+00:00
[2025-04-04T20:01:26.393+0000] {processor.py:208} INFO - Processing /opt/airflow/dags/assignment_1.py took 0.070 seconds
[2025-04-04T20:01:56.851+0000] {processor.py:186} INFO - Started process (PID=408) to work on /opt/airflow/dags/assignment_1.py
[2025-04-04T20:01:56.852+0000] {processor.py:914} INFO - Processing file /opt/airflow/dags/assignment_1.py for tasks to queue
[2025-04-04T20:01:56.854+0000] {logging_mixin.py:190} INFO - [2025-04-04T20:01:56.853+0000] {dagbag.py:588} INFO - Filling up the DagBag from /opt/airflow/dags/assignment_1.py
[2025-04-04T20:01:56.861+0000] {processor.py:925} INFO - DAG(s) 'random_number_checker' retrieved from /opt/airflow/dags/assignment_1.py
[2025-04-04T20:01:56.885+0000] {logging_mixin.py:190} INFO - [2025-04-04T20:01:56.884+0000] {dag.py:3239} INFO - Sync 1 DAGs
[2025-04-04T20:01:56.905+0000] {logging_mixin.py:190} INFO - [2025-04-04T20:01:56.904+0000] {dag.py:4180} INFO - Setting next_dagrun for random_number_checker to 2025-04-03 00:00:00+00:00, run_after=2025-04-04 00:00:00+00:00
[2025-04-04T20:01:56.919+0000] {processor.py:208} INFO - Processing /opt/airflow/dags/assignment_1.py took 0.072 seconds
[2025-04-04T20:02:27.376+0000] {processor.py:186} INFO - Started process (PID=433) to work on /opt/airflow/dags/assignment_1.py
[2025-04-04T20:02:27.377+0000] {processor.py:914} INFO - Processing file /opt/airflow/dags/assignment_1.py for tasks to queue
[2025-04-04T20:02:27.378+0000] {logging_mixin.py:190} INFO - [2025-04-04T20:02:27.378+0000] {dagbag.py:588} INFO - Filling up the DagBag from /opt/airflow/dags/assignment_1.py
[2025-04-04T20:02:27.386+0000] {processor.py:925} INFO - DAG(s) 'random_number_checker' retrieved from /opt/airflow/dags/assignment_1.py
[2025-04-04T20:02:27.494+0000] {logging_mixin.py:190} INFO - [2025-04-04T20:02:27.494+0000] {dag.py:3239} INFO - Sync 1 DAGs
[2025-04-04T20:02:27.515+0000] {logging_mixin.py:190} INFO - [2025-04-04T20:02:27.515+0000] {dag.py:4180} INFO - Setting next_dagrun for random_number_checker to 2025-04-03 00:00:00+00:00, run_after=2025-04-04 00:00:00+00:00
[2025-04-04T20:02:27.529+0000] {processor.py:208} INFO - Processing /opt/airflow/dags/assignment_1.py took 0.157 seconds
[2025-04-04T20:02:57.991+0000] {processor.py:186} INFO - Started process (PID=458) to work on /opt/airflow/dags/assignment_1.py
[2025-04-04T20:02:57.992+0000] {processor.py:914} INFO - Processing file /opt/airflow/dags/assignment_1.py for tasks to queue
[2025-04-04T20:02:57.994+0000] {logging_mixin.py:190} INFO - [2025-04-04T20:02:57.994+0000] {dagbag.py:588} INFO - Filling up the DagBag from /opt/airflow/dags/assignment_1.py
[2025-04-04T20:02:58.003+0000] {processor.py:925} INFO - DAG(s) 'random_number_checker' retrieved from /opt/airflow/dags/assignment_1.py
[2025-04-04T20:02:58.025+0000] {logging_mixin.py:190} INFO - [2025-04-04T20:02:58.025+0000] {dag.py:3239} INFO - Sync 1 DAGs
[2025-04-04T20:02:58.044+0000] {logging_mixin.py:190} INFO - [2025-04-04T20:02:58.043+0000] {dag.py:4180} INFO - Setting next_dagrun for random_number_checker to 2025-04-03 00:00:00+00:00, run_after=2025-04-04 00:00:00+00:00
[2025-04-04T20:02:58.058+0000] {processor.py:208} INFO - Processing /opt/airflow/dags/assignment_1.py took 0.077 seconds
[2025-04-04T20:03:28.483+0000] {processor.py:186} INFO - Started process (PID=483) to work on /opt/airflow/dags/assignment_1.py
[2025-04-04T20:03:28.484+0000] {processor.py:914} INFO - Processing file /opt/airflow/dags/assignment_1.py for tasks to queue
[2025-04-04T20:03:28.486+0000] {logging_mixin.py:190} INFO - [2025-04-04T20:03:28.486+0000] {dagbag.py:588} INFO - Filling up the DagBag from /opt/airflow/dags/assignment_1.py
[2025-04-04T20:03:28.493+0000] {processor.py:925} INFO - DAG(s) 'random_number_checker' retrieved from /opt/airflow/dags/assignment_1.py
[2025-04-04T20:03:28.515+0000] {logging_mixin.py:190} INFO - [2025-04-04T20:03:28.515+0000] {dag.py:3239} INFO - Sync 1 DAGs
[2025-04-04T20:03:28.538+0000] {logging_mixin.py:190} INFO - [2025-04-04T20:03:28.538+0000] {dag.py:4180} INFO - Setting next_dagrun for random_number_checker to 2025-04-03 00:00:00+00:00, run_after=2025-04-04 00:00:00+00:00
[2025-04-04T20:03:28.554+0000] {processor.py:208} INFO - Processing /opt/airflow/dags/assignment_1.py took 0.075 seconds
[2025-04-04T20:03:59.020+0000] {processor.py:186} INFO - Started process (PID=508) to work on /opt/airflow/dags/assignment_1.py
[2025-04-04T20:03:59.020+0000] {processor.py:914} INFO - Processing file /opt/airflow/dags/assignment_1.py for tasks to queue
[2025-04-04T20:03:59.022+0000] {logging_mixin.py:190} INFO - [2025-04-04T20:03:59.022+0000] {dagbag.py:588} INFO - Filling up the DagBag from /opt/airflow/dags/assignment_1.py
[2025-04-04T20:03:59.030+0000] {processor.py:925} INFO - DAG(s) 'random_number_checker' retrieved from /opt/airflow/dags/assignment_1.py
[2025-04-04T20:03:59.050+0000] {logging_mixin.py:190} INFO - [2025-04-04T20:03:59.050+0000] {dag.py:3239} INFO - Sync 1 DAGs
[2025-04-04T20:03:59.071+0000] {logging_mixin.py:190} INFO - [2025-04-04T20:03:59.070+0000] {dag.py:4180} INFO - Setting next_dagrun for random_number_checker to 2025-04-03 00:00:00+00:00, run_after=2025-04-04 00:00:00+00:00
[2025-04-04T20:03:59.092+0000] {processor.py:208} INFO - Processing /opt/airflow/dags/assignment_1.py took 0.077 seconds
[2025-04-04T20:04:29.551+0000] {processor.py:186} INFO - Started process (PID=533) to work on /opt/airflow/dags/assignment_1.py
[2025-04-04T20:04:29.552+0000] {processor.py:914} INFO - Processing file /opt/airflow/dags/assignment_1.py for tasks to queue
[2025-04-04T20:04:29.554+0000] {logging_mixin.py:190} INFO - [2025-04-04T20:04:29.554+0000] {dagbag.py:588} INFO - Filling up the DagBag from /opt/airflow/dags/assignment_1.py
[2025-04-04T20:04:29.562+0000] {processor.py:925} INFO - DAG(s) 'random_number_checker' retrieved from /opt/airflow/dags/assignment_1.py
[2025-04-04T20:04:29.582+0000] {logging_mixin.py:190} INFO - [2025-04-04T20:04:29.582+0000] {dag.py:3239} INFO - Sync 1 DAGs
[2025-04-04T20:04:29.603+0000] {logging_mixin.py:190} INFO - [2025-04-04T20:04:29.603+0000] {dag.py:4180} INFO - Setting next_dagrun for random_number_checker to 2025-04-03 00:00:00+00:00, run_after=2025-04-04 00:00:00+00:00
[2025-04-04T20:04:29.617+0000] {processor.py:208} INFO - Processing /opt/airflow/dags/assignment_1.py took 0.071 seconds
[2025-04-04T20:05:00.055+0000] {processor.py:186} INFO - Started process (PID=558) to work on /opt/airflow/dags/assignment_1.py
[2025-04-04T20:05:00.056+0000] {processor.py:914} INFO - Processing file /opt/airflow/dags/assignment_1.py for tasks to queue
[2025-04-04T20:05:00.058+0000] {logging_mixin.py:190} INFO - [2025-04-04T20:05:00.057+0000] {dagbag.py:588} INFO - Filling up the DagBag from /opt/airflow/dags/assignment_1.py
[2025-04-04T20:05:00.065+0000] {processor.py:925} INFO - DAG(s) 'random_number_checker' retrieved from /opt/airflow/dags/assignment_1.py
[2025-04-04T20:05:00.086+0000] {logging_mixin.py:190} INFO - [2025-04-04T20:05:00.086+0000] {dag.py:3239} INFO - Sync 1 DAGs
[2025-04-04T20:05:00.104+0000] {logging_mixin.py:190} INFO - [2025-04-04T20:05:00.104+0000] {dag.py:4180} INFO - Setting next_dagrun for random_number_checker to 2025-04-03 00:00:00+00:00, run_after=2025-04-04 00:00:00+00:00
[2025-04-04T20:05:00.118+0000] {processor.py:208} INFO - Processing /opt/airflow/dags/assignment_1.py took 0.068 seconds
[2025-04-04T20:05:30.560+0000] {processor.py:186} INFO - Started process (PID=583) to work on /opt/airflow/dags/assignment_1.py
[2025-04-04T20:05:30.560+0000] {processor.py:914} INFO - Processing file /opt/airflow/dags/assignment_1.py for tasks to queue
[2025-04-04T20:05:30.562+0000] {logging_mixin.py:190} INFO - [2025-04-04T20:05:30.562+0000] {dagbag.py:588} INFO - Filling up the DagBag from /opt/airflow/dags/assignment_1.py
[2025-04-04T20:05:30.570+0000] {processor.py:925} INFO - DAG(s) 'random_number_checker' retrieved from /opt/airflow/dags/assignment_1.py
[2025-04-04T20:05:30.601+0000] {logging_mixin.py:190} INFO - [2025-04-04T20:05:30.601+0000] {dag.py:3239} INFO - Sync 1 DAGs
[2025-04-04T20:05:30.618+0000] {logging_mixin.py:190} INFO - [2025-04-04T20:05:30.618+0000] {dag.py:4180} INFO - Setting next_dagrun for random_number_checker to 2025-04-03 00:00:00+00:00, run_after=2025-04-04 00:00:00+00:00
[2025-04-04T20:05:30.632+0000] {processor.py:208} INFO - Processing /opt/airflow/dags/assignment_1.py took 0.077 seconds
[2025-04-04T20:06:01.097+0000] {processor.py:186} INFO - Started process (PID=608) to work on /opt/airflow/dags/assignment_1.py
[2025-04-04T20:06:01.098+0000] {processor.py:914} INFO - Processing file /opt/airflow/dags/assignment_1.py for tasks to queue
[2025-04-04T20:06:01.099+0000] {logging_mixin.py:190} INFO - [2025-04-04T20:06:01.099+0000] {dagbag.py:588} INFO - Filling up the DagBag from /opt/airflow/dags/assignment_1.py
[2025-04-04T20:06:01.107+0000] {processor.py:925} INFO - DAG(s) 'random_number_checker' retrieved from /opt/airflow/dags/assignment_1.py
[2025-04-04T20:06:01.130+0000] {logging_mixin.py:190} INFO - [2025-04-04T20:06:01.129+0000] {dag.py:3239} INFO - Sync 1 DAGs
[2025-04-04T20:06:01.149+0000] {logging_mixin.py:190} INFO - [2025-04-04T20:06:01.149+0000] {dag.py:4180} INFO - Setting next_dagrun for random_number_checker to 2025-04-03 00:00:00+00:00, run_after=2025-04-04 00:00:00+00:00
[2025-04-04T20:06:01.165+0000] {processor.py:208} INFO - Processing /opt/airflow/dags/assignment_1.py took 0.073 seconds
[2025-04-04T20:06:31.589+0000] {processor.py:186} INFO - Started process (PID=633) to work on /opt/airflow/dags/assignment_1.py
[2025-04-04T20:06:31.590+0000] {processor.py:914} INFO - Processing file /opt/airflow/dags/assignment_1.py for tasks to queue
[2025-04-04T20:06:31.592+0000] {logging_mixin.py:190} INFO - [2025-04-04T20:06:31.591+0000] {dagbag.py:588} INFO - Filling up the DagBag from /opt/airflow/dags/assignment_1.py
[2025-04-04T20:06:31.599+0000] {processor.py:925} INFO - DAG(s) 'random_number_checker' retrieved from /opt/airflow/dags/assignment_1.py
[2025-04-04T20:06:31.710+0000] {logging_mixin.py:190} INFO - [2025-04-04T20:06:31.709+0000] {dag.py:3239} INFO - Sync 1 DAGs
[2025-04-04T20:06:31.730+0000] {logging_mixin.py:190} INFO - [2025-04-04T20:06:31.730+0000] {dag.py:4180} INFO - Setting next_dagrun for random_number_checker to 2025-04-03 00:00:00+00:00, run_after=2025-04-04 00:00:00+00:00
[2025-04-04T20:06:31.747+0000] {processor.py:208} INFO - Processing /opt/airflow/dags/assignment_1.py took 0.162 seconds
[2025-04-04T20:07:02.173+0000] {processor.py:186} INFO - Started process (PID=658) to work on /opt/airflow/dags/assignment_1.py
[2025-04-04T20:07:02.173+0000] {processor.py:914} INFO - Processing file /opt/airflow/dags/assignment_1.py for tasks to queue
[2025-04-04T20:07:02.176+0000] {logging_mixin.py:190} INFO - [2025-04-04T20:07:02.176+0000] {dagbag.py:588} INFO - Filling up the DagBag from /opt/airflow/dags/assignment_1.py
[2025-04-04T20:07:02.184+0000] {processor.py:925} INFO - DAG(s) 'random_number_checker' retrieved from /opt/airflow/dags/assignment_1.py
[2025-04-04T20:07:02.208+0000] {logging_mixin.py:190} INFO - [2025-04-04T20:07:02.207+0000] {dag.py:3239} INFO - Sync 1 DAGs
[2025-04-04T20:07:02.227+0000] {logging_mixin.py:190} INFO - [2025-04-04T20:07:02.227+0000] {dag.py:4180} INFO - Setting next_dagrun for random_number_checker to 2025-04-03 00:00:00+00:00, run_after=2025-04-04 00:00:00+00:00
[2025-04-04T20:07:02.243+0000] {processor.py:208} INFO - Processing /opt/airflow/dags/assignment_1.py took 0.075 seconds
[2025-04-04T20:07:32.712+0000] {processor.py:186} INFO - Started process (PID=683) to work on /opt/airflow/dags/assignment_1.py
[2025-04-04T20:07:32.713+0000] {processor.py:914} INFO - Processing file /opt/airflow/dags/assignment_1.py for tasks to queue
[2025-04-04T20:07:32.715+0000] {logging_mixin.py:190} INFO - [2025-04-04T20:07:32.715+0000] {dagbag.py:588} INFO - Filling up the DagBag from /opt/airflow/dags/assignment_1.py
[2025-04-04T20:07:32.723+0000] {processor.py:925} INFO - DAG(s) 'random_number_checker' retrieved from /opt/airflow/dags/assignment_1.py
[2025-04-04T20:07:32.743+0000] {logging_mixin.py:190} INFO - [2025-04-04T20:07:32.743+0000] {dag.py:3239} INFO - Sync 1 DAGs
[2025-04-04T20:07:32.762+0000] {logging_mixin.py:190} INFO - [2025-04-04T20:07:32.761+0000] {dag.py:4180} INFO - Setting next_dagrun for random_number_checker to 2025-04-03 00:00:00+00:00, run_after=2025-04-04 00:00:00+00:00
[2025-04-04T20:07:32.779+0000] {processor.py:208} INFO - Processing /opt/airflow/dags/assignment_1.py took 0.071 seconds
[2025-04-04T20:08:03.238+0000] {processor.py:186} INFO - Started process (PID=708) to work on /opt/airflow/dags/assignment_1.py
[2025-04-04T20:08:03.239+0000] {processor.py:914} INFO - Processing file /opt/airflow/dags/assignment_1.py for tasks to queue
[2025-04-04T20:08:03.241+0000] {logging_mixin.py:190} INFO - [2025-04-04T20:08:03.241+0000] {dagbag.py:588} INFO - Filling up the DagBag from /opt/airflow/dags/assignment_1.py
[2025-04-04T20:08:03.249+0000] {processor.py:925} INFO - DAG(s) 'random_number_checker' retrieved from /opt/airflow/dags/assignment_1.py
[2025-04-04T20:08:03.268+0000] {logging_mixin.py:190} INFO - [2025-04-04T20:08:03.268+0000] {dag.py:3239} INFO - Sync 1 DAGs
[2025-04-04T20:08:03.287+0000] {logging_mixin.py:190} INFO - [2025-04-04T20:08:03.287+0000] {dag.py:4180} INFO - Setting next_dagrun for random_number_checker to 2025-04-03 00:00:00+00:00, run_after=2025-04-04 00:00:00+00:00
[2025-04-04T20:08:03.300+0000] {processor.py:208} INFO - Processing /opt/airflow/dags/assignment_1.py took 0.068 seconds
[2025-04-04T20:08:33.731+0000] {processor.py:186} INFO - Started process (PID=733) to work on /opt/airflow/dags/assignment_1.py
[2025-04-04T20:08:33.732+0000] {processor.py:914} INFO - Processing file /opt/airflow/dags/assignment_1.py for tasks to queue
[2025-04-04T20:08:33.734+0000] {logging_mixin.py:190} INFO - [2025-04-04T20:08:33.734+0000] {dagbag.py:588} INFO - Filling up the DagBag from /opt/airflow/dags/assignment_1.py
[2025-04-04T20:08:33.741+0000] {processor.py:925} INFO - DAG(s) 'random_number_checker' retrieved from /opt/airflow/dags/assignment_1.py
[2025-04-04T20:08:33.761+0000] {logging_mixin.py:190} INFO - [2025-04-04T20:08:33.761+0000] {dag.py:3239} INFO - Sync 1 DAGs
[2025-04-04T20:08:33.779+0000] {logging_mixin.py:190} INFO - [2025-04-04T20:08:33.778+0000] {dag.py:4180} INFO - Setting next_dagrun for random_number_checker to 2025-04-03 00:00:00+00:00, run_after=2025-04-04 00:00:00+00:00
[2025-04-04T20:08:33.795+0000] {processor.py:208} INFO - Processing /opt/airflow/dags/assignment_1.py took 0.068 seconds
[2025-04-04T20:09:04.253+0000] {processor.py:186} INFO - Started process (PID=758) to work on /opt/airflow/dags/assignment_1.py
[2025-04-04T20:09:04.254+0000] {processor.py:914} INFO - Processing file /opt/airflow/dags/assignment_1.py for tasks to queue
[2025-04-04T20:09:04.256+0000] {logging_mixin.py:190} INFO - [2025-04-04T20:09:04.255+0000] {dagbag.py:588} INFO - Filling up the DagBag from /opt/airflow/dags/assignment_1.py
[2025-04-04T20:09:04.264+0000] {processor.py:925} INFO - DAG(s) 'random_number_checker' retrieved from /opt/airflow/dags/assignment_1.py
[2025-04-04T20:09:04.287+0000] {logging_mixin.py:190} INFO - [2025-04-04T20:09:04.287+0000] {dag.py:3239} INFO - Sync 1 DAGs
[2025-04-04T20:09:04.305+0000] {logging_mixin.py:190} INFO - [2025-04-04T20:09:04.305+0000] {dag.py:4180} INFO - Setting next_dagrun for random_number_checker to 2025-04-03 00:00:00+00:00, run_after=2025-04-04 00:00:00+00:00
[2025-04-04T20:09:04.323+0000] {processor.py:208} INFO - Processing /opt/airflow/dags/assignment_1.py took 0.074 seconds
[2025-04-04T20:09:34.754+0000] {processor.py:186} INFO - Started process (PID=783) to work on /opt/airflow/dags/assignment_1.py
[2025-04-04T20:09:34.755+0000] {processor.py:914} INFO - Processing file /opt/airflow/dags/assignment_1.py for tasks to queue
[2025-04-04T20:09:34.757+0000] {logging_mixin.py:190} INFO - [2025-04-04T20:09:34.756+0000] {dagbag.py:588} INFO - Filling up the DagBag from /opt/airflow/dags/assignment_1.py
[2025-04-04T20:09:34.764+0000] {processor.py:925} INFO - DAG(s) 'random_number_checker' retrieved from /opt/airflow/dags/assignment_1.py
[2025-04-04T20:09:34.784+0000] {logging_mixin.py:190} INFO - [2025-04-04T20:09:34.784+0000] {dag.py:3239} INFO - Sync 1 DAGs
[2025-04-04T20:09:34.802+0000] {logging_mixin.py:190} INFO - [2025-04-04T20:09:34.802+0000] {dag.py:4180} INFO - Setting next_dagrun for random_number_checker to 2025-04-03 00:00:00+00:00, run_after=2025-04-04 00:00:00+00:00
[2025-04-04T20:09:34.818+0000] {processor.py:208} INFO - Processing /opt/airflow/dags/assignment_1.py took 0.069 seconds
[2025-04-04T20:10:05.266+0000] {processor.py:186} INFO - Started process (PID=808) to work on /opt/airflow/dags/assignment_1.py
[2025-04-04T20:10:05.267+0000] {processor.py:914} INFO - Processing file /opt/airflow/dags/assignment_1.py for tasks to queue
[2025-04-04T20:10:05.269+0000] {logging_mixin.py:190} INFO - [2025-04-04T20:10:05.269+0000] {dagbag.py:588} INFO - Filling up the DagBag from /opt/airflow/dags/assignment_1.py
[2025-04-04T20:10:05.279+0000] {processor.py:925} INFO - DAG(s) 'random_number_checker' retrieved from /opt/airflow/dags/assignment_1.py
[2025-04-04T20:10:05.304+0000] {logging_mixin.py:190} INFO - [2025-04-04T20:10:05.303+0000] {dag.py:3239} INFO - Sync 1 DAGs
[2025-04-04T20:10:05.327+0000] {logging_mixin.py:190} INFO - [2025-04-04T20:10:05.327+0000] {dag.py:4180} INFO - Setting next_dagrun for random_number_checker to 2025-04-03 00:00:00+00:00, run_after=2025-04-04 00:00:00+00:00
[2025-04-04T20:10:05.341+0000] {processor.py:208} INFO - Processing /opt/airflow/dags/assignment_1.py took 0.079 seconds
[2025-04-04T20:10:35.830+0000] {processor.py:186} INFO - Started process (PID=833) to work on /opt/airflow/dags/assignment_1.py
[2025-04-04T20:10:35.831+0000] {processor.py:914} INFO - Processing file /opt/airflow/dags/assignment_1.py for tasks to queue
[2025-04-04T20:10:35.833+0000] {logging_mixin.py:190} INFO - [2025-04-04T20:10:35.833+0000] {dagbag.py:588} INFO - Filling up the DagBag from /opt/airflow/dags/assignment_1.py
[2025-04-04T20:10:35.843+0000] {processor.py:925} INFO - DAG(s) 'random_number_checker' retrieved from /opt/airflow/dags/assignment_1.py
[2025-04-04T20:10:35.862+0000] {logging_mixin.py:190} INFO - [2025-04-04T20:10:35.862+0000] {dag.py:3239} INFO - Sync 1 DAGs
[2025-04-04T20:10:35.884+0000] {logging_mixin.py:190} INFO - [2025-04-04T20:10:35.883+0000] {dag.py:4180} INFO - Setting next_dagrun for random_number_checker to 2025-04-03 00:00:00+00:00, run_after=2025-04-04 00:00:00+00:00
[2025-04-04T20:10:35.900+0000] {processor.py:208} INFO - Processing /opt/airflow/dags/assignment_1.py took 0.074 seconds
[2025-04-04T20:11:06.342+0000] {processor.py:186} INFO - Started process (PID=858) to work on /opt/airflow/dags/assignment_1.py
[2025-04-04T20:11:06.343+0000] {processor.py:914} INFO - Processing file /opt/airflow/dags/assignment_1.py for tasks to queue
[2025-04-04T20:11:06.345+0000] {logging_mixin.py:190} INFO - [2025-04-04T20:11:06.345+0000] {dagbag.py:588} INFO - Filling up the DagBag from /opt/airflow/dags/assignment_1.py
[2025-04-04T20:11:06.352+0000] {processor.py:925} INFO - DAG(s) 'random_number_checker' retrieved from /opt/airflow/dags/assignment_1.py
[2025-04-04T20:11:06.375+0000] {logging_mixin.py:190} INFO - [2025-04-04T20:11:06.374+0000] {dag.py:3239} INFO - Sync 1 DAGs
[2025-04-04T20:11:06.394+0000] {logging_mixin.py:190} INFO - [2025-04-04T20:11:06.394+0000] {dag.py:4180} INFO - Setting next_dagrun for random_number_checker to 2025-04-03 00:00:00+00:00, run_after=2025-04-04 00:00:00+00:00
[2025-04-04T20:11:06.408+0000] {processor.py:208} INFO - Processing /opt/airflow/dags/assignment_1.py took 0.071 seconds
[2025-04-04T20:11:36.828+0000] {processor.py:186} INFO - Started process (PID=883) to work on /opt/airflow/dags/assignment_1.py
[2025-04-04T20:11:36.829+0000] {processor.py:914} INFO - Processing file /opt/airflow/dags/assignment_1.py for tasks to queue
[2025-04-04T20:11:36.832+0000] {logging_mixin.py:190} INFO - [2025-04-04T20:11:36.831+0000] {dagbag.py:588} INFO - Filling up the DagBag from /opt/airflow/dags/assignment_1.py
[2025-04-04T20:11:36.844+0000] {processor.py:925} INFO - DAG(s) 'random_number_checker' retrieved from /opt/airflow/dags/assignment_1.py
[2025-04-04T20:11:36.865+0000] {logging_mixin.py:190} INFO - [2025-04-04T20:11:36.865+0000] {dag.py:3239} INFO - Sync 1 DAGs
[2025-04-04T20:11:36.883+0000] {logging_mixin.py:190} INFO - [2025-04-04T20:11:36.883+0000] {dag.py:4180} INFO - Setting next_dagrun for random_number_checker to 2025-04-03 00:00:00+00:00, run_after=2025-04-04 00:00:00+00:00
[2025-04-04T20:11:36.899+0000] {processor.py:208} INFO - Processing /opt/airflow/dags/assignment_1.py took 0.078 seconds
[2025-04-04T20:12:07.337+0000] {processor.py:186} INFO - Started process (PID=908) to work on /opt/airflow/dags/assignment_1.py
[2025-04-04T20:12:07.338+0000] {processor.py:914} INFO - Processing file /opt/airflow/dags/assignment_1.py for tasks to queue
[2025-04-04T20:12:07.340+0000] {logging_mixin.py:190} INFO - [2025-04-04T20:12:07.340+0000] {dagbag.py:588} INFO - Filling up the DagBag from /opt/airflow/dags/assignment_1.py
[2025-04-04T20:12:07.348+0000] {processor.py:925} INFO - DAG(s) 'random_number_checker' retrieved from /opt/airflow/dags/assignment_1.py
[2025-04-04T20:12:07.372+0000] {logging_mixin.py:190} INFO - [2025-04-04T20:12:07.372+0000] {dag.py:3239} INFO - Sync 1 DAGs
[2025-04-04T20:12:07.391+0000] {logging_mixin.py:190} INFO - [2025-04-04T20:12:07.391+0000] {dag.py:4180} INFO - Setting next_dagrun for random_number_checker to 2025-04-03 00:00:00+00:00, run_after=2025-04-04 00:00:00+00:00
[2025-04-04T20:12:07.408+0000] {processor.py:208} INFO - Processing /opt/airflow/dags/assignment_1.py took 0.075 seconds
[2025-04-04T20:12:37.904+0000] {processor.py:186} INFO - Started process (PID=933) to work on /opt/airflow/dags/assignment_1.py
[2025-04-04T20:12:37.905+0000] {processor.py:914} INFO - Processing file /opt/airflow/dags/assignment_1.py for tasks to queue
[2025-04-04T20:12:37.908+0000] {logging_mixin.py:190} INFO - [2025-04-04T20:12:37.907+0000] {dagbag.py:588} INFO - Filling up the DagBag from /opt/airflow/dags/assignment_1.py
[2025-04-04T20:12:37.917+0000] {processor.py:925} INFO - DAG(s) 'random_number_checker' retrieved from /opt/airflow/dags/assignment_1.py
[2025-04-04T20:12:37.936+0000] {logging_mixin.py:190} INFO - [2025-04-04T20:12:37.936+0000] {dag.py:3239} INFO - Sync 1 DAGs
[2025-04-04T20:12:37.959+0000] {logging_mixin.py:190} INFO - [2025-04-04T20:12:37.958+0000] {dag.py:4180} INFO - Setting next_dagrun for random_number_checker to 2025-04-03 00:00:00+00:00, run_after=2025-04-04 00:00:00+00:00
[2025-04-04T20:12:37.973+0000] {processor.py:208} INFO - Processing /opt/airflow/dags/assignment_1.py took 0.076 seconds
[2025-04-04T20:13:08.402+0000] {processor.py:186} INFO - Started process (PID=958) to work on /opt/airflow/dags/assignment_1.py
[2025-04-04T20:13:08.403+0000] {processor.py:914} INFO - Processing file /opt/airflow/dags/assignment_1.py for tasks to queue
[2025-04-04T20:13:08.404+0000] {logging_mixin.py:190} INFO - [2025-04-04T20:13:08.404+0000] {dagbag.py:588} INFO - Filling up the DagBag from /opt/airflow/dags/assignment_1.py
[2025-04-04T20:13:08.412+0000] {processor.py:925} INFO - DAG(s) 'random_number_checker' retrieved from /opt/airflow/dags/assignment_1.py
[2025-04-04T20:13:08.435+0000] {logging_mixin.py:190} INFO - [2025-04-04T20:13:08.435+0000] {dag.py:3239} INFO - Sync 1 DAGs
[2025-04-04T20:13:08.455+0000] {logging_mixin.py:190} INFO - [2025-04-04T20:13:08.455+0000] {dag.py:4180} INFO - Setting next_dagrun for random_number_checker to 2025-04-03 00:00:00+00:00, run_after=2025-04-04 00:00:00+00:00
[2025-04-04T20:13:08.468+0000] {processor.py:208} INFO - Processing /opt/airflow/dags/assignment_1.py took 0.070 seconds
[2025-04-04T20:13:38.901+0000] {processor.py:186} INFO - Started process (PID=983) to work on /opt/airflow/dags/assignment_1.py
[2025-04-04T20:13:38.902+0000] {processor.py:914} INFO - Processing file /opt/airflow/dags/assignment_1.py for tasks to queue
[2025-04-04T20:13:38.904+0000] {logging_mixin.py:190} INFO - [2025-04-04T20:13:38.904+0000] {dagbag.py:588} INFO - Filling up the DagBag from /opt/airflow/dags/assignment_1.py
[2025-04-04T20:13:38.911+0000] {processor.py:925} INFO - DAG(s) 'random_number_checker' retrieved from /opt/airflow/dags/assignment_1.py
[2025-04-04T20:13:38.933+0000] {logging_mixin.py:190} INFO - [2025-04-04T20:13:38.932+0000] {dag.py:3239} INFO - Sync 1 DAGs
[2025-04-04T20:13:38.951+0000] {logging_mixin.py:190} INFO - [2025-04-04T20:13:38.951+0000] {dag.py:4180} INFO - Setting next_dagrun for random_number_checker to 2025-04-03 00:00:00+00:00, run_after=2025-04-04 00:00:00+00:00
[2025-04-04T20:13:38.966+0000] {processor.py:208} INFO - Processing /opt/airflow/dags/assignment_1.py took 0.069 seconds
[2025-04-04T20:14:09.416+0000] {processor.py:186} INFO - Started process (PID=1008) to work on /opt/airflow/dags/assignment_1.py
[2025-04-04T20:14:09.416+0000] {processor.py:914} INFO - Processing file /opt/airflow/dags/assignment_1.py for tasks to queue
[2025-04-04T20:14:09.418+0000] {logging_mixin.py:190} INFO - [2025-04-04T20:14:09.418+0000] {dagbag.py:588} INFO - Filling up the DagBag from /opt/airflow/dags/assignment_1.py
[2025-04-04T20:14:09.425+0000] {processor.py:925} INFO - DAG(s) 'random_number_checker' retrieved from /opt/airflow/dags/assignment_1.py
[2025-04-04T20:14:09.448+0000] {logging_mixin.py:190} INFO - [2025-04-04T20:14:09.448+0000] {dag.py:3239} INFO - Sync 1 DAGs
[2025-04-04T20:14:09.469+0000] {logging_mixin.py:190} INFO - [2025-04-04T20:14:09.469+0000] {dag.py:4180} INFO - Setting next_dagrun for random_number_checker to 2025-04-03 00:00:00+00:00, run_after=2025-04-04 00:00:00+00:00
[2025-04-04T20:14:09.618+0000] {processor.py:208} INFO - Processing /opt/airflow/dags/assignment_1.py took 0.208 seconds
[2025-04-04T20:14:40.033+0000] {processor.py:186} INFO - Started process (PID=1033) to work on /opt/airflow/dags/assignment_1.py
[2025-04-04T20:14:40.033+0000] {processor.py:914} INFO - Processing file /opt/airflow/dags/assignment_1.py for tasks to queue
[2025-04-04T20:14:40.035+0000] {logging_mixin.py:190} INFO - [2025-04-04T20:14:40.035+0000] {dagbag.py:588} INFO - Filling up the DagBag from /opt/airflow/dags/assignment_1.py
[2025-04-04T20:14:40.042+0000] {processor.py:925} INFO - DAG(s) 'random_number_checker' retrieved from /opt/airflow/dags/assignment_1.py
[2025-04-04T20:14:40.062+0000] {logging_mixin.py:190} INFO - [2025-04-04T20:14:40.062+0000] {dag.py:3239} INFO - Sync 1 DAGs
[2025-04-04T20:14:40.081+0000] {logging_mixin.py:190} INFO - [2025-04-04T20:14:40.080+0000] {dag.py:4180} INFO - Setting next_dagrun for random_number_checker to 2025-04-03 00:00:00+00:00, run_after=2025-04-04 00:00:00+00:00
[2025-04-04T20:14:40.095+0000] {processor.py:208} INFO - Processing /opt/airflow/dags/assignment_1.py took 0.067 seconds
[2025-04-04T20:15:10.558+0000] {processor.py:186} INFO - Started process (PID=1058) to work on /opt/airflow/dags/assignment_1.py
[2025-04-04T20:15:10.559+0000] {processor.py:914} INFO - Processing file /opt/airflow/dags/assignment_1.py for tasks to queue
[2025-04-04T20:15:10.561+0000] {logging_mixin.py:190} INFO - [2025-04-04T20:15:10.560+0000] {dagbag.py:588} INFO - Filling up the DagBag from /opt/airflow/dags/assignment_1.py
[2025-04-04T20:15:10.568+0000] {processor.py:925} INFO - DAG(s) 'random_number_checker' retrieved from /opt/airflow/dags/assignment_1.py
[2025-04-04T20:15:10.588+0000] {logging_mixin.py:190} INFO - [2025-04-04T20:15:10.588+0000] {dag.py:3239} INFO - Sync 1 DAGs
[2025-04-04T20:15:10.606+0000] {logging_mixin.py:190} INFO - [2025-04-04T20:15:10.605+0000] {dag.py:4180} INFO - Setting next_dagrun for random_number_checker to 2025-04-03 00:00:00+00:00, run_after=2025-04-04 00:00:00+00:00
[2025-04-04T20:15:10.619+0000] {processor.py:208} INFO - Processing /opt/airflow/dags/assignment_1.py took 0.065 seconds
[2025-04-04T20:15:41.060+0000] {processor.py:186} INFO - Started process (PID=1083) to work on /opt/airflow/dags/assignment_1.py
[2025-04-04T20:15:41.061+0000] {processor.py:914} INFO - Processing file /opt/airflow/dags/assignment_1.py for tasks to queue
[2025-04-04T20:15:41.063+0000] {logging_mixin.py:190} INFO - [2025-04-04T20:15:41.062+0000] {dagbag.py:588} INFO - Filling up the DagBag from /opt/airflow/dags/assignment_1.py
[2025-04-04T20:15:41.070+0000] {processor.py:925} INFO - DAG(s) 'random_number_checker' retrieved from /opt/airflow/dags/assignment_1.py
[2025-04-04T20:15:41.100+0000] {logging_mixin.py:190} INFO - [2025-04-04T20:15:41.099+0000] {dag.py:3239} INFO - Sync 1 DAGs
[2025-04-04T20:15:41.121+0000] {logging_mixin.py:190} INFO - [2025-04-04T20:15:41.121+0000] {dag.py:4180} INFO - Setting next_dagrun for random_number_checker to 2025-04-03 00:00:00+00:00, run_after=2025-04-04 00:00:00+00:00
[2025-04-04T20:15:41.135+0000] {processor.py:208} INFO - Processing /opt/airflow/dags/assignment_1.py took 0.080 seconds
[2025-04-04T20:16:11.629+0000] {processor.py:186} INFO - Started process (PID=1108) to work on /opt/airflow/dags/assignment_1.py
[2025-04-04T20:16:11.630+0000] {processor.py:914} INFO - Processing file /opt/airflow/dags/assignment_1.py for tasks to queue
[2025-04-04T20:16:11.631+0000] {logging_mixin.py:190} INFO - [2025-04-04T20:16:11.631+0000] {dagbag.py:588} INFO - Filling up the DagBag from /opt/airflow/dags/assignment_1.py
[2025-04-04T20:16:11.639+0000] {processor.py:925} INFO - DAG(s) 'random_number_checker' retrieved from /opt/airflow/dags/assignment_1.py
[2025-04-04T20:16:11.659+0000] {logging_mixin.py:190} INFO - [2025-04-04T20:16:11.659+0000] {dag.py:3239} INFO - Sync 1 DAGs
[2025-04-04T20:16:11.677+0000] {logging_mixin.py:190} INFO - [2025-04-04T20:16:11.677+0000] {dag.py:4180} INFO - Setting next_dagrun for random_number_checker to 2025-04-03 00:00:00+00:00, run_after=2025-04-04 00:00:00+00:00
[2025-04-04T20:16:11.690+0000] {processor.py:208} INFO - Processing /opt/airflow/dags/assignment_1.py took 0.066 seconds
[2025-04-04T20:16:42.134+0000] {processor.py:186} INFO - Started process (PID=1133) to work on /opt/airflow/dags/assignment_1.py
[2025-04-04T20:16:42.135+0000] {processor.py:914} INFO - Processing file /opt/airflow/dags/assignment_1.py for tasks to queue
[2025-04-04T20:16:42.137+0000] {logging_mixin.py:190} INFO - [2025-04-04T20:16:42.137+0000] {dagbag.py:588} INFO - Filling up the DagBag from /opt/airflow/dags/assignment_1.py
[2025-04-04T20:16:42.145+0000] {processor.py:925} INFO - DAG(s) 'random_number_checker' retrieved from /opt/airflow/dags/assignment_1.py
[2025-04-04T20:16:42.166+0000] {logging_mixin.py:190} INFO - [2025-04-04T20:16:42.165+0000] {dag.py:3239} INFO - Sync 1 DAGs
[2025-04-04T20:16:42.184+0000] {logging_mixin.py:190} INFO - [2025-04-04T20:16:42.184+0000] {dag.py:4180} INFO - Setting next_dagrun for random_number_checker to 2025-04-03 00:00:00+00:00, run_after=2025-04-04 00:00:00+00:00
[2025-04-04T20:16:42.200+0000] {processor.py:208} INFO - Processing /opt/airflow/dags/assignment_1.py took 0.073 seconds
[2025-04-04T20:17:12.649+0000] {processor.py:186} INFO - Started process (PID=1158) to work on /opt/airflow/dags/assignment_1.py
[2025-04-04T20:17:12.650+0000] {processor.py:914} INFO - Processing file /opt/airflow/dags/assignment_1.py for tasks to queue
[2025-04-04T20:17:12.651+0000] {logging_mixin.py:190} INFO - [2025-04-04T20:17:12.651+0000] {dagbag.py:588} INFO - Filling up the DagBag from /opt/airflow/dags/assignment_1.py
[2025-04-04T20:17:12.659+0000] {processor.py:925} INFO - DAG(s) 'random_number_checker' retrieved from /opt/airflow/dags/assignment_1.py
[2025-04-04T20:17:12.681+0000] {logging_mixin.py:190} INFO - [2025-04-04T20:17:12.680+0000] {dag.py:3239} INFO - Sync 1 DAGs
[2025-04-04T20:17:12.699+0000] {logging_mixin.py:190} INFO - [2025-04-04T20:17:12.699+0000] {dag.py:4180} INFO - Setting next_dagrun for random_number_checker to 2025-04-03 00:00:00+00:00, run_after=2025-04-04 00:00:00+00:00
[2025-04-04T20:17:12.713+0000] {processor.py:208} INFO - Processing /opt/airflow/dags/assignment_1.py took 0.069 seconds
[2025-04-04T20:17:43.211+0000] {processor.py:186} INFO - Started process (PID=1183) to work on /opt/airflow/dags/assignment_1.py
[2025-04-04T20:17:43.212+0000] {processor.py:914} INFO - Processing file /opt/airflow/dags/assignment_1.py for tasks to queue
[2025-04-04T20:17:43.214+0000] {logging_mixin.py:190} INFO - [2025-04-04T20:17:43.214+0000] {dagbag.py:588} INFO - Filling up the DagBag from /opt/airflow/dags/assignment_1.py
[2025-04-04T20:17:43.221+0000] {processor.py:925} INFO - DAG(s) 'random_number_checker' retrieved from /opt/airflow/dags/assignment_1.py
[2025-04-04T20:17:43.243+0000] {logging_mixin.py:190} INFO - [2025-04-04T20:17:43.243+0000] {dag.py:3239} INFO - Sync 1 DAGs
[2025-04-04T20:17:43.261+0000] {logging_mixin.py:190} INFO - [2025-04-04T20:17:43.261+0000] {dag.py:4180} INFO - Setting next_dagrun for random_number_checker to 2025-04-03 00:00:00+00:00, run_after=2025-04-04 00:00:00+00:00
[2025-04-04T20:17:43.276+0000] {processor.py:208} INFO - Processing /opt/airflow/dags/assignment_1.py took 0.069 seconds
[2025-04-04T20:18:13.735+0000] {processor.py:186} INFO - Started process (PID=1208) to work on /opt/airflow/dags/assignment_1.py
[2025-04-04T20:18:13.736+0000] {processor.py:914} INFO - Processing file /opt/airflow/dags/assignment_1.py for tasks to queue
[2025-04-04T20:18:13.737+0000] {logging_mixin.py:190} INFO - [2025-04-04T20:18:13.737+0000] {dagbag.py:588} INFO - Filling up the DagBag from /opt/airflow/dags/assignment_1.py
[2025-04-04T20:18:13.745+0000] {processor.py:925} INFO - DAG(s) 'random_number_checker' retrieved from /opt/airflow/dags/assignment_1.py
[2025-04-04T20:18:13.767+0000] {logging_mixin.py:190} INFO - [2025-04-04T20:18:13.766+0000] {dag.py:3239} INFO - Sync 1 DAGs
[2025-04-04T20:18:13.786+0000] {logging_mixin.py:190} INFO - [2025-04-04T20:18:13.785+0000] {dag.py:4180} INFO - Setting next_dagrun for random_number_checker to 2025-04-03 00:00:00+00:00, run_after=2025-04-04 00:00:00+00:00
[2025-04-04T20:18:13.799+0000] {processor.py:208} INFO - Processing /opt/airflow/dags/assignment_1.py took 0.069 seconds
[2025-04-04T20:18:44.239+0000] {processor.py:186} INFO - Started process (PID=1233) to work on /opt/airflow/dags/assignment_1.py
[2025-04-04T20:18:44.240+0000] {processor.py:914} INFO - Processing file /opt/airflow/dags/assignment_1.py for tasks to queue
[2025-04-04T20:18:44.241+0000] {logging_mixin.py:190} INFO - [2025-04-04T20:18:44.241+0000] {dagbag.py:588} INFO - Filling up the DagBag from /opt/airflow/dags/assignment_1.py
[2025-04-04T20:18:44.249+0000] {processor.py:925} INFO - DAG(s) 'random_number_checker' retrieved from /opt/airflow/dags/assignment_1.py
[2025-04-04T20:18:44.269+0000] {logging_mixin.py:190} INFO - [2025-04-04T20:18:44.269+0000] {dag.py:3239} INFO - Sync 1 DAGs
[2025-04-04T20:18:44.287+0000] {logging_mixin.py:190} INFO - [2025-04-04T20:18:44.287+0000] {dag.py:4180} INFO - Setting next_dagrun for random_number_checker to 2025-04-03 00:00:00+00:00, run_after=2025-04-04 00:00:00+00:00
[2025-04-04T20:18:44.300+0000] {processor.py:208} INFO - Processing /opt/airflow/dags/assignment_1.py took 0.065 seconds
[2025-04-04T20:19:14.735+0000] {processor.py:186} INFO - Started process (PID=1258) to work on /opt/airflow/dags/assignment_1.py
[2025-04-04T20:19:14.736+0000] {processor.py:914} INFO - Processing file /opt/airflow/dags/assignment_1.py for tasks to queue
[2025-04-04T20:19:14.737+0000] {logging_mixin.py:190} INFO - [2025-04-04T20:19:14.737+0000] {dagbag.py:588} INFO - Filling up the DagBag from /opt/airflow/dags/assignment_1.py
[2025-04-04T20:19:14.745+0000] {processor.py:925} INFO - DAG(s) 'random_number_checker' retrieved from /opt/airflow/dags/assignment_1.py
[2025-04-04T20:19:14.764+0000] {logging_mixin.py:190} INFO - [2025-04-04T20:19:14.764+0000] {dag.py:3239} INFO - Sync 1 DAGs
[2025-04-04T20:19:14.782+0000] {logging_mixin.py:190} INFO - [2025-04-04T20:19:14.782+0000] {dag.py:4180} INFO - Setting next_dagrun for random_number_checker to 2025-04-03 00:00:00+00:00, run_after=2025-04-04 00:00:00+00:00
[2025-04-04T20:19:14.796+0000] {processor.py:208} INFO - Processing /opt/airflow/dags/assignment_1.py took 0.065 seconds
[2025-04-04T20:19:45.287+0000] {processor.py:186} INFO - Started process (PID=1283) to work on /opt/airflow/dags/assignment_1.py
[2025-04-04T20:19:45.287+0000] {processor.py:914} INFO - Processing file /opt/airflow/dags/assignment_1.py for tasks to queue
[2025-04-04T20:19:45.289+0000] {logging_mixin.py:190} INFO - [2025-04-04T20:19:45.289+0000] {dagbag.py:588} INFO - Filling up the DagBag from /opt/airflow/dags/assignment_1.py
[2025-04-04T20:19:45.296+0000] {processor.py:925} INFO - DAG(s) 'random_number_checker' retrieved from /opt/airflow/dags/assignment_1.py
[2025-04-04T20:19:45.317+0000] {logging_mixin.py:190} INFO - [2025-04-04T20:19:45.317+0000] {dag.py:3239} INFO - Sync 1 DAGs
[2025-04-04T20:19:45.336+0000] {logging_mixin.py:190} INFO - [2025-04-04T20:19:45.336+0000] {dag.py:4180} INFO - Setting next_dagrun for random_number_checker to 2025-04-03 00:00:00+00:00, run_after=2025-04-04 00:00:00+00:00
[2025-04-04T20:19:45.352+0000] {processor.py:208} INFO - Processing /opt/airflow/dags/assignment_1.py took 0.069 seconds
[2025-04-04T20:20:15.821+0000] {processor.py:186} INFO - Started process (PID=1308) to work on /opt/airflow/dags/assignment_1.py
[2025-04-04T20:20:15.822+0000] {processor.py:914} INFO - Processing file /opt/airflow/dags/assignment_1.py for tasks to queue
[2025-04-04T20:20:15.824+0000] {logging_mixin.py:190} INFO - [2025-04-04T20:20:15.824+0000] {dagbag.py:588} INFO - Filling up the DagBag from /opt/airflow/dags/assignment_1.py
[2025-04-04T20:20:15.831+0000] {processor.py:925} INFO - DAG(s) 'random_number_checker' retrieved from /opt/airflow/dags/assignment_1.py
[2025-04-04T20:20:15.854+0000] {logging_mixin.py:190} INFO - [2025-04-04T20:20:15.854+0000] {dag.py:3239} INFO - Sync 1 DAGs
[2025-04-04T20:20:15.872+0000] {logging_mixin.py:190} INFO - [2025-04-04T20:20:15.872+0000] {dag.py:4180} INFO - Setting next_dagrun for random_number_checker to 2025-04-03 00:00:00+00:00, run_after=2025-04-04 00:00:00+00:00
[2025-04-04T20:20:15.885+0000] {processor.py:208} INFO - Processing /opt/airflow/dags/assignment_1.py took 0.068 seconds
[2025-04-04T20:20:46.326+0000] {processor.py:186} INFO - Started process (PID=1333) to work on /opt/airflow/dags/assignment_1.py
[2025-04-04T20:20:46.327+0000] {processor.py:914} INFO - Processing file /opt/airflow/dags/assignment_1.py for tasks to queue
[2025-04-04T20:20:46.329+0000] {logging_mixin.py:190} INFO - [2025-04-04T20:20:46.328+0000] {dagbag.py:588} INFO - Filling up the DagBag from /opt/airflow/dags/assignment_1.py
[2025-04-04T20:20:46.337+0000] {processor.py:925} INFO - DAG(s) 'random_number_checker' retrieved from /opt/airflow/dags/assignment_1.py
[2025-04-04T20:20:46.356+0000] {logging_mixin.py:190} INFO - [2025-04-04T20:20:46.356+0000] {dag.py:3239} INFO - Sync 1 DAGs
[2025-04-04T20:20:46.375+0000] {logging_mixin.py:190} INFO - [2025-04-04T20:20:46.375+0000] {dag.py:4180} INFO - Setting next_dagrun for random_number_checker to 2025-04-03 00:00:00+00:00, run_after=2025-04-04 00:00:00+00:00
[2025-04-04T20:20:46.390+0000] {processor.py:208} INFO - Processing /opt/airflow/dags/assignment_1.py took 0.069 seconds
[2025-04-04T20:21:16.956+0000] {processor.py:186} INFO - Started process (PID=1358) to work on /opt/airflow/dags/assignment_1.py
[2025-04-04T20:21:16.956+0000] {processor.py:914} INFO - Processing file /opt/airflow/dags/assignment_1.py for tasks to queue
[2025-04-04T20:21:16.958+0000] {logging_mixin.py:190} INFO - [2025-04-04T20:21:16.958+0000] {dagbag.py:588} INFO - Filling up the DagBag from /opt/airflow/dags/assignment_1.py
[2025-04-04T20:21:16.965+0000] {processor.py:925} INFO - DAG(s) 'random_number_checker' retrieved from /opt/airflow/dags/assignment_1.py
[2025-04-04T20:21:16.989+0000] {logging_mixin.py:190} INFO - [2025-04-04T20:21:16.989+0000] {dag.py:3239} INFO - Sync 1 DAGs
[2025-04-04T20:21:17.011+0000] {logging_mixin.py:190} INFO - [2025-04-04T20:21:17.010+0000] {dag.py:4180} INFO - Setting next_dagrun for random_number_checker to 2025-04-03 00:00:00+00:00, run_after=2025-04-04 00:00:00+00:00
[2025-04-04T20:21:17.026+0000] {processor.py:208} INFO - Processing /opt/airflow/dags/assignment_1.py took 0.074 seconds
[2025-04-04T20:21:47.445+0000] {processor.py:186} INFO - Started process (PID=1383) to work on /opt/airflow/dags/assignment_1.py
[2025-04-04T20:21:47.446+0000] {processor.py:914} INFO - Processing file /opt/airflow/dags/assignment_1.py for tasks to queue
[2025-04-04T20:21:47.448+0000] {logging_mixin.py:190} INFO - [2025-04-04T20:21:47.448+0000] {dagbag.py:588} INFO - Filling up the DagBag from /opt/airflow/dags/assignment_1.py
[2025-04-04T20:21:47.455+0000] {processor.py:925} INFO - DAG(s) 'random_number_checker' retrieved from /opt/airflow/dags/assignment_1.py
[2025-04-04T20:21:47.475+0000] {logging_mixin.py:190} INFO - [2025-04-04T20:21:47.475+0000] {dag.py:3239} INFO - Sync 1 DAGs
[2025-04-04T20:21:47.492+0000] {logging_mixin.py:190} INFO - [2025-04-04T20:21:47.492+0000] {dag.py:4180} INFO - Setting next_dagrun for random_number_checker to 2025-04-03 00:00:00+00:00, run_after=2025-04-04 00:00:00+00:00
[2025-04-04T20:21:47.509+0000] {processor.py:208} INFO - Processing /opt/airflow/dags/assignment_1.py took 0.068 seconds
[2025-04-04T20:22:17.975+0000] {processor.py:186} INFO - Started process (PID=1408) to work on /opt/airflow/dags/assignment_1.py
[2025-04-04T20:22:17.976+0000] {processor.py:914} INFO - Processing file /opt/airflow/dags/assignment_1.py for tasks to queue
[2025-04-04T20:22:17.977+0000] {logging_mixin.py:190} INFO - [2025-04-04T20:22:17.977+0000] {dagbag.py:588} INFO - Filling up the DagBag from /opt/airflow/dags/assignment_1.py
[2025-04-04T20:22:17.984+0000] {processor.py:925} INFO - DAG(s) 'random_number_checker' retrieved from /opt/airflow/dags/assignment_1.py
[2025-04-04T20:22:18.005+0000] {logging_mixin.py:190} INFO - [2025-04-04T20:22:18.004+0000] {dag.py:3239} INFO - Sync 1 DAGs
[2025-04-04T20:22:18.022+0000] {logging_mixin.py:190} INFO - [2025-04-04T20:22:18.022+0000] {dag.py:4180} INFO - Setting next_dagrun for random_number_checker to 2025-04-03 00:00:00+00:00, run_after=2025-04-04 00:00:00+00:00
[2025-04-04T20:22:18.036+0000] {processor.py:208} INFO - Processing /opt/airflow/dags/assignment_1.py took 0.065 seconds
[2025-04-04T20:22:48.480+0000] {processor.py:186} INFO - Started process (PID=1433) to work on /opt/airflow/dags/assignment_1.py
[2025-04-04T20:22:48.481+0000] {processor.py:914} INFO - Processing file /opt/airflow/dags/assignment_1.py for tasks to queue
[2025-04-04T20:22:48.483+0000] {logging_mixin.py:190} INFO - [2025-04-04T20:22:48.482+0000] {dagbag.py:588} INFO - Filling up the DagBag from /opt/airflow/dags/assignment_1.py
[2025-04-04T20:22:48.490+0000] {processor.py:925} INFO - DAG(s) 'random_number_checker' retrieved from /opt/airflow/dags/assignment_1.py
[2025-04-04T20:22:48.510+0000] {logging_mixin.py:190} INFO - [2025-04-04T20:22:48.510+0000] {dag.py:3239} INFO - Sync 1 DAGs
[2025-04-04T20:22:48.528+0000] {logging_mixin.py:190} INFO - [2025-04-04T20:22:48.528+0000] {dag.py:4180} INFO - Setting next_dagrun for random_number_checker to 2025-04-03 00:00:00+00:00, run_after=2025-04-04 00:00:00+00:00
[2025-04-04T20:22:48.542+0000] {processor.py:208} INFO - Processing /opt/airflow/dags/assignment_1.py took 0.066 seconds
[2025-04-04T20:23:19.059+0000] {processor.py:186} INFO - Started process (PID=1458) to work on /opt/airflow/dags/assignment_1.py
[2025-04-04T20:23:19.059+0000] {processor.py:914} INFO - Processing file /opt/airflow/dags/assignment_1.py for tasks to queue
[2025-04-04T20:23:19.061+0000] {logging_mixin.py:190} INFO - [2025-04-04T20:23:19.061+0000] {dagbag.py:588} INFO - Filling up the DagBag from /opt/airflow/dags/assignment_1.py
[2025-04-04T20:23:19.068+0000] {processor.py:925} INFO - DAG(s) 'random_number_checker' retrieved from /opt/airflow/dags/assignment_1.py
[2025-04-04T20:23:19.088+0000] {logging_mixin.py:190} INFO - [2025-04-04T20:23:19.088+0000] {dag.py:3239} INFO - Sync 1 DAGs
[2025-04-04T20:23:19.105+0000] {logging_mixin.py:190} INFO - [2025-04-04T20:23:19.105+0000] {dag.py:4180} INFO - Setting next_dagrun for random_number_checker to 2025-04-03 00:00:00+00:00, run_after=2025-04-04 00:00:00+00:00
[2025-04-04T20:23:19.121+0000] {processor.py:208} INFO - Processing /opt/airflow/dags/assignment_1.py took 0.067 seconds
[2025-04-04T20:23:49.561+0000] {processor.py:186} INFO - Started process (PID=1483) to work on /opt/airflow/dags/assignment_1.py
[2025-04-04T20:23:49.562+0000] {processor.py:914} INFO - Processing file /opt/airflow/dags/assignment_1.py for tasks to queue
[2025-04-04T20:23:49.564+0000] {logging_mixin.py:190} INFO - [2025-04-04T20:23:49.563+0000] {dagbag.py:588} INFO - Filling up the DagBag from /opt/airflow/dags/assignment_1.py
[2025-04-04T20:23:49.572+0000] {processor.py:925} INFO - DAG(s) 'random_number_checker' retrieved from /opt/airflow/dags/assignment_1.py
[2025-04-04T20:23:49.594+0000] {logging_mixin.py:190} INFO - [2025-04-04T20:23:49.594+0000] {dag.py:3239} INFO - Sync 1 DAGs
[2025-04-04T20:23:49.614+0000] {logging_mixin.py:190} INFO - [2025-04-04T20:23:49.614+0000] {dag.py:4180} INFO - Setting next_dagrun for random_number_checker to 2025-04-03 00:00:00+00:00, run_after=2025-04-04 00:00:00+00:00
[2025-04-04T20:23:49.627+0000] {processor.py:208} INFO - Processing /opt/airflow/dags/assignment_1.py took 0.070 seconds
[2025-04-04T20:24:20.070+0000] {processor.py:186} INFO - Started process (PID=1508) to work on /opt/airflow/dags/assignment_1.py
[2025-04-04T20:24:20.070+0000] {processor.py:914} INFO - Processing file /opt/airflow/dags/assignment_1.py for tasks to queue
[2025-04-04T20:24:20.072+0000] {logging_mixin.py:190} INFO - [2025-04-04T20:24:20.072+0000] {dagbag.py:588} INFO - Filling up the DagBag from /opt/airflow/dags/assignment_1.py
[2025-04-04T20:24:20.080+0000] {processor.py:925} INFO - DAG(s) 'random_number_checker' retrieved from /opt/airflow/dags/assignment_1.py
[2025-04-04T20:24:20.101+0000] {logging_mixin.py:190} INFO - [2025-04-04T20:24:20.101+0000] {dag.py:3239} INFO - Sync 1 DAGs
[2025-04-04T20:24:20.123+0000] {logging_mixin.py:190} INFO - [2025-04-04T20:24:20.123+0000] {dag.py:4180} INFO - Setting next_dagrun for random_number_checker to 2025-04-03 00:00:00+00:00, run_after=2025-04-04 00:00:00+00:00
[2025-04-04T20:24:20.138+0000] {processor.py:208} INFO - Processing /opt/airflow/dags/assignment_1.py took 0.073 seconds
[2025-04-04T20:24:50.578+0000] {processor.py:186} INFO - Started process (PID=1533) to work on /opt/airflow/dags/assignment_1.py
[2025-04-04T20:24:50.578+0000] {processor.py:914} INFO - Processing file /opt/airflow/dags/assignment_1.py for tasks to queue
[2025-04-04T20:24:50.580+0000] {logging_mixin.py:190} INFO - [2025-04-04T20:24:50.580+0000] {dagbag.py:588} INFO - Filling up the DagBag from /opt/airflow/dags/assignment_1.py
[2025-04-04T20:24:50.587+0000] {processor.py:925} INFO - DAG(s) 'random_number_checker' retrieved from /opt/airflow/dags/assignment_1.py
[2025-04-04T20:24:50.607+0000] {logging_mixin.py:190} INFO - [2025-04-04T20:24:50.607+0000] {dag.py:3239} INFO - Sync 1 DAGs
[2025-04-04T20:24:50.624+0000] {logging_mixin.py:190} INFO - [2025-04-04T20:24:50.624+0000] {dag.py:4180} INFO - Setting next_dagrun for random_number_checker to 2025-04-03 00:00:00+00:00, run_after=2025-04-04 00:00:00+00:00
[2025-04-04T20:24:50.639+0000] {processor.py:208} INFO - Processing /opt/airflow/dags/assignment_1.py took 0.066 seconds
[2025-04-04T20:25:21.098+0000] {processor.py:186} INFO - Started process (PID=1558) to work on /opt/airflow/dags/assignment_1.py
[2025-04-04T20:25:21.099+0000] {processor.py:914} INFO - Processing file /opt/airflow/dags/assignment_1.py for tasks to queue
[2025-04-04T20:25:21.101+0000] {logging_mixin.py:190} INFO - [2025-04-04T20:25:21.101+0000] {dagbag.py:588} INFO - Filling up the DagBag from /opt/airflow/dags/assignment_1.py
[2025-04-04T20:25:21.111+0000] {processor.py:925} INFO - DAG(s) 'random_number_checker' retrieved from /opt/airflow/dags/assignment_1.py
[2025-04-04T20:25:21.138+0000] {logging_mixin.py:190} INFO - [2025-04-04T20:25:21.138+0000] {dag.py:3239} INFO - Sync 1 DAGs
[2025-04-04T20:25:21.156+0000] {logging_mixin.py:190} INFO - [2025-04-04T20:25:21.156+0000] {dag.py:4180} INFO - Setting next_dagrun for random_number_checker to 2025-04-03 00:00:00+00:00, run_after=2025-04-04 00:00:00+00:00
[2025-04-04T20:25:21.170+0000] {processor.py:208} INFO - Processing /opt/airflow/dags/assignment_1.py took 0.076 seconds
