[2025-04-06T19:04:40.477+0000] {processor.py:186} INFO - Started process (PID=182) to work on /opt/airflow/dags/assignment_1_solution.py
[2025-04-06T19:04:40.479+0000] {processor.py:914} INFO - Processing file /opt/airflow/dags/assignment_1_solution.py for tasks to queue
[2025-04-06T19:04:40.486+0000] {logging_mixin.py:190} INFO - [2025-04-06T19:04:40.486+0000] {dagbag.py:588} INFO - Filling up the DagBag from /opt/airflow/dags/assignment_1_solution.py
[2025-04-06T19:04:40.524+0000] {processor.py:925} INFO - DAG(s) 'random_number_checker_solution' retrieved from /opt/airflow/dags/assignment_1_solution.py
[2025-04-06T19:04:40.623+0000] {logging_mixin.py:190} INFO - [2025-04-06T19:04:40.622+0000] {dag.py:3239} INFO - Sync 1 DAGs
[2025-04-06T19:04:40.698+0000] {logging_mixin.py:190} INFO - [2025-04-06T19:04:40.697+0000] {dag.py:4180} INFO - Setting next_dagrun for random_number_checker_solution to 2025-04-05 00:00:00+00:00, run_after=2025-04-06 00:00:00+00:00
[2025-04-06T19:04:40.740+0000] {processor.py:208} INFO - Processing /opt/airflow/dags/assignment_1_solution.py took 0.271 seconds
[2025-04-06T19:05:11.300+0000] {processor.py:186} INFO - Started process (PID=207) to work on /opt/airflow/dags/assignment_1_solution.py
[2025-04-06T19:05:11.302+0000] {processor.py:914} INFO - Processing file /opt/airflow/dags/assignment_1_solution.py for tasks to queue
[2025-04-06T19:05:11.306+0000] {logging_mixin.py:190} INFO - [2025-04-06T19:05:11.305+0000] {dagbag.py:588} INFO - Filling up the DagBag from /opt/airflow/dags/assignment_1_solution.py
[2025-04-06T19:05:11.328+0000] {processor.py:925} INFO - DAG(s) 'random_number_checker_solution' retrieved from /opt/airflow/dags/assignment_1_solution.py
[2025-04-06T19:05:11.396+0000] {logging_mixin.py:190} INFO - [2025-04-06T19:05:11.395+0000] {dag.py:3239} INFO - Sync 1 DAGs
[2025-04-06T19:05:11.433+0000] {logging_mixin.py:190} INFO - [2025-04-06T19:05:11.432+0000] {dag.py:4180} INFO - Setting next_dagrun for random_number_checker_solution to 2025-04-05 00:00:00+00:00, run_after=2025-04-06 00:00:00+00:00
[2025-04-06T19:05:11.462+0000] {processor.py:208} INFO - Processing /opt/airflow/dags/assignment_1_solution.py took 0.173 seconds
[2025-04-06T19:05:42.481+0000] {processor.py:186} INFO - Started process (PID=178) to work on /opt/airflow/dags/assignment_1_solution.py
[2025-04-06T19:05:42.482+0000] {processor.py:914} INFO - Processing file /opt/airflow/dags/assignment_1_solution.py for tasks to queue
[2025-04-06T19:05:42.486+0000] {logging_mixin.py:190} INFO - [2025-04-06T19:05:42.485+0000] {dagbag.py:588} INFO - Filling up the DagBag from /opt/airflow/dags/assignment_1_solution.py
[2025-04-06T19:05:42.508+0000] {processor.py:925} INFO - DAG(s) 'random_number_checker_solution' retrieved from /opt/airflow/dags/assignment_1_solution.py
[2025-04-06T19:05:42.548+0000] {logging_mixin.py:190} INFO - [2025-04-06T19:05:42.548+0000] {dag.py:3239} INFO - Sync 1 DAGs
[2025-04-06T19:05:42.584+0000] {logging_mixin.py:190} INFO - [2025-04-06T19:05:42.583+0000] {dag.py:4180} INFO - Setting next_dagrun for random_number_checker_solution to 2025-04-05 00:00:00+00:00, run_after=2025-04-06 00:00:00+00:00
[2025-04-06T19:05:42.615+0000] {processor.py:208} INFO - Processing /opt/airflow/dags/assignment_1_solution.py took 0.142 seconds
[2025-04-06T19:06:13.410+0000] {processor.py:186} INFO - Started process (PID=203) to work on /opt/airflow/dags/assignment_1_solution.py
[2025-04-06T19:06:13.411+0000] {processor.py:914} INFO - Processing file /opt/airflow/dags/assignment_1_solution.py for tasks to queue
[2025-04-06T19:06:13.414+0000] {logging_mixin.py:190} INFO - [2025-04-06T19:06:13.414+0000] {dagbag.py:588} INFO - Filling up the DagBag from /opt/airflow/dags/assignment_1_solution.py
[2025-04-06T19:06:13.434+0000] {processor.py:925} INFO - DAG(s) 'random_number_checker_solution' retrieved from /opt/airflow/dags/assignment_1_solution.py
[2025-04-06T19:06:13.554+0000] {logging_mixin.py:190} INFO - [2025-04-06T19:06:13.552+0000] {dag.py:3239} INFO - Sync 1 DAGs
[2025-04-06T19:06:13.717+0000] {logging_mixin.py:190} INFO - [2025-04-06T19:06:13.717+0000] {dag.py:4180} INFO - Setting next_dagrun for random_number_checker_solution to 2025-04-05 00:00:00+00:00, run_after=2025-04-06 00:00:00+00:00
[2025-04-06T19:06:13.751+0000] {processor.py:208} INFO - Processing /opt/airflow/dags/assignment_1_solution.py took 0.350 seconds
[2025-04-06T19:06:44.280+0000] {processor.py:186} INFO - Started process (PID=228) to work on /opt/airflow/dags/assignment_1_solution.py
[2025-04-06T19:06:44.281+0000] {processor.py:914} INFO - Processing file /opt/airflow/dags/assignment_1_solution.py for tasks to queue
[2025-04-06T19:06:44.285+0000] {logging_mixin.py:190} INFO - [2025-04-06T19:06:44.285+0000] {dagbag.py:588} INFO - Filling up the DagBag from /opt/airflow/dags/assignment_1_solution.py
[2025-04-06T19:06:44.308+0000] {processor.py:925} INFO - DAG(s) 'random_number_checker_solution' retrieved from /opt/airflow/dags/assignment_1_solution.py
[2025-04-06T19:06:44.365+0000] {logging_mixin.py:190} INFO - [2025-04-06T19:06:44.364+0000] {dag.py:3239} INFO - Sync 1 DAGs
[2025-04-06T19:06:44.408+0000] {logging_mixin.py:190} INFO - [2025-04-06T19:06:44.407+0000] {dag.py:4180} INFO - Setting next_dagrun for random_number_checker_solution to 2025-04-05 00:00:00+00:00, run_after=2025-04-06 00:00:00+00:00
[2025-04-06T19:06:44.436+0000] {processor.py:208} INFO - Processing /opt/airflow/dags/assignment_1_solution.py took 0.164 seconds
[2025-04-06T19:07:14.970+0000] {processor.py:186} INFO - Started process (PID=253) to work on /opt/airflow/dags/assignment_1_solution.py
[2025-04-06T19:07:14.972+0000] {processor.py:914} INFO - Processing file /opt/airflow/dags/assignment_1_solution.py for tasks to queue
[2025-04-06T19:07:14.977+0000] {logging_mixin.py:190} INFO - [2025-04-06T19:07:14.976+0000] {dagbag.py:588} INFO - Filling up the DagBag from /opt/airflow/dags/assignment_1_solution.py
[2025-04-06T19:07:15.001+0000] {processor.py:925} INFO - DAG(s) 'random_number_checker_solution' retrieved from /opt/airflow/dags/assignment_1_solution.py
[2025-04-06T19:07:15.060+0000] {logging_mixin.py:190} INFO - [2025-04-06T19:07:15.060+0000] {dag.py:3239} INFO - Sync 1 DAGs
[2025-04-06T19:07:15.118+0000] {logging_mixin.py:190} INFO - [2025-04-06T19:07:15.118+0000] {dag.py:4180} INFO - Setting next_dagrun for random_number_checker_solution to 2025-04-05 00:00:00+00:00, run_after=2025-04-06 00:00:00+00:00
[2025-04-06T19:07:15.152+0000] {processor.py:208} INFO - Processing /opt/airflow/dags/assignment_1_solution.py took 0.193 seconds
[2025-04-06T19:07:45.672+0000] {processor.py:186} INFO - Started process (PID=278) to work on /opt/airflow/dags/assignment_1_solution.py
[2025-04-06T19:07:45.674+0000] {processor.py:914} INFO - Processing file /opt/airflow/dags/assignment_1_solution.py for tasks to queue
[2025-04-06T19:07:45.679+0000] {logging_mixin.py:190} INFO - [2025-04-06T19:07:45.678+0000] {dagbag.py:588} INFO - Filling up the DagBag from /opt/airflow/dags/assignment_1_solution.py
[2025-04-06T19:07:45.703+0000] {processor.py:925} INFO - DAG(s) 'random_number_checker_solution' retrieved from /opt/airflow/dags/assignment_1_solution.py
[2025-04-06T19:07:45.760+0000] {logging_mixin.py:190} INFO - [2025-04-06T19:07:45.759+0000] {dag.py:3239} INFO - Sync 1 DAGs
[2025-04-06T19:07:45.799+0000] {logging_mixin.py:190} INFO - [2025-04-06T19:07:45.799+0000] {dag.py:4180} INFO - Setting next_dagrun for random_number_checker_solution to 2025-04-05 00:00:00+00:00, run_after=2025-04-06 00:00:00+00:00
[2025-04-06T19:07:45.833+0000] {processor.py:208} INFO - Processing /opt/airflow/dags/assignment_1_solution.py took 0.173 seconds
[2025-04-06T19:08:16.367+0000] {processor.py:186} INFO - Started process (PID=303) to work on /opt/airflow/dags/assignment_1_solution.py
[2025-04-06T19:08:16.369+0000] {processor.py:914} INFO - Processing file /opt/airflow/dags/assignment_1_solution.py for tasks to queue
[2025-04-06T19:08:16.373+0000] {logging_mixin.py:190} INFO - [2025-04-06T19:08:16.373+0000] {dagbag.py:588} INFO - Filling up the DagBag from /opt/airflow/dags/assignment_1_solution.py
[2025-04-06T19:08:16.397+0000] {processor.py:925} INFO - DAG(s) 'random_number_checker_solution' retrieved from /opt/airflow/dags/assignment_1_solution.py
[2025-04-06T19:08:16.452+0000] {logging_mixin.py:190} INFO - [2025-04-06T19:08:16.451+0000] {dag.py:3239} INFO - Sync 1 DAGs
[2025-04-06T19:08:16.486+0000] {logging_mixin.py:190} INFO - [2025-04-06T19:08:16.486+0000] {dag.py:4180} INFO - Setting next_dagrun for random_number_checker_solution to 2025-04-05 00:00:00+00:00, run_after=2025-04-06 00:00:00+00:00
[2025-04-06T19:08:16.514+0000] {processor.py:208} INFO - Processing /opt/airflow/dags/assignment_1_solution.py took 0.159 seconds
[2025-04-06T19:10:32.743+0000] {processor.py:186} INFO - Started process (PID=178) to work on /opt/airflow/dags/assignment_1_solution.py
[2025-04-06T19:10:32.744+0000] {processor.py:914} INFO - Processing file /opt/airflow/dags/assignment_1_solution.py for tasks to queue
[2025-04-06T19:10:32.749+0000] {logging_mixin.py:190} INFO - [2025-04-06T19:10:32.749+0000] {dagbag.py:588} INFO - Filling up the DagBag from /opt/airflow/dags/assignment_1_solution.py
[2025-04-06T19:10:32.845+0000] {processor.py:925} INFO - DAG(s) 'random_number_checker_solution' retrieved from /opt/airflow/dags/assignment_1_solution.py
[2025-04-06T19:10:32.984+0000] {logging_mixin.py:190} INFO - [2025-04-06T19:10:32.984+0000] {dag.py:3239} INFO - Sync 1 DAGs
[2025-04-06T19:10:33.026+0000] {logging_mixin.py:190} INFO - [2025-04-06T19:10:33.026+0000] {dag.py:4180} INFO - Setting next_dagrun for random_number_checker_solution to 2025-04-05 00:00:00+00:00, run_after=2025-04-06 00:00:00+00:00
[2025-04-06T19:10:33.077+0000] {processor.py:208} INFO - Processing /opt/airflow/dags/assignment_1_solution.py took 0.346 seconds
[2025-04-06T19:11:03.609+0000] {processor.py:186} INFO - Started process (PID=203) to work on /opt/airflow/dags/assignment_1_solution.py
[2025-04-06T19:11:03.610+0000] {processor.py:914} INFO - Processing file /opt/airflow/dags/assignment_1_solution.py for tasks to queue
[2025-04-06T19:11:03.617+0000] {logging_mixin.py:190} INFO - [2025-04-06T19:11:03.616+0000] {dagbag.py:588} INFO - Filling up the DagBag from /opt/airflow/dags/assignment_1_solution.py
[2025-04-06T19:11:03.649+0000] {processor.py:925} INFO - DAG(s) 'random_number_checker_solution' retrieved from /opt/airflow/dags/assignment_1_solution.py
[2025-04-06T19:11:03.712+0000] {logging_mixin.py:190} INFO - [2025-04-06T19:11:03.711+0000] {dag.py:3239} INFO - Sync 1 DAGs
[2025-04-06T19:11:03.757+0000] {logging_mixin.py:190} INFO - [2025-04-06T19:11:03.757+0000] {dag.py:4180} INFO - Setting next_dagrun for random_number_checker_solution to 2025-04-05 00:00:00+00:00, run_after=2025-04-06 00:00:00+00:00
[2025-04-06T19:11:03.790+0000] {processor.py:208} INFO - Processing /opt/airflow/dags/assignment_1_solution.py took 0.193 seconds
[2025-04-06T19:11:34.361+0000] {processor.py:186} INFO - Started process (PID=228) to work on /opt/airflow/dags/assignment_1_solution.py
[2025-04-06T19:11:34.362+0000] {processor.py:914} INFO - Processing file /opt/airflow/dags/assignment_1_solution.py for tasks to queue
[2025-04-06T19:11:34.369+0000] {logging_mixin.py:190} INFO - [2025-04-06T19:11:34.368+0000] {dagbag.py:588} INFO - Filling up the DagBag from /opt/airflow/dags/assignment_1_solution.py
[2025-04-06T19:11:34.396+0000] {processor.py:925} INFO - DAG(s) 'random_number_checker_solution' retrieved from /opt/airflow/dags/assignment_1_solution.py
[2025-04-06T19:11:34.450+0000] {logging_mixin.py:190} INFO - [2025-04-06T19:11:34.449+0000] {dag.py:3239} INFO - Sync 1 DAGs
[2025-04-06T19:11:34.498+0000] {logging_mixin.py:190} INFO - [2025-04-06T19:11:34.498+0000] {dag.py:4180} INFO - Setting next_dagrun for random_number_checker_solution to 2025-04-05 00:00:00+00:00, run_after=2025-04-06 00:00:00+00:00
[2025-04-06T19:11:34.550+0000] {processor.py:208} INFO - Processing /opt/airflow/dags/assignment_1_solution.py took 0.206 seconds
[2025-04-06T19:12:05.122+0000] {processor.py:186} INFO - Started process (PID=253) to work on /opt/airflow/dags/assignment_1_solution.py
[2025-04-06T19:12:05.123+0000] {processor.py:914} INFO - Processing file /opt/airflow/dags/assignment_1_solution.py for tasks to queue
[2025-04-06T19:12:05.129+0000] {logging_mixin.py:190} INFO - [2025-04-06T19:12:05.128+0000] {dagbag.py:588} INFO - Filling up the DagBag from /opt/airflow/dags/assignment_1_solution.py
[2025-04-06T19:12:05.158+0000] {processor.py:925} INFO - DAG(s) 'random_number_checker_solution' retrieved from /opt/airflow/dags/assignment_1_solution.py
[2025-04-06T19:12:05.223+0000] {logging_mixin.py:190} INFO - [2025-04-06T19:12:05.222+0000] {dag.py:3239} INFO - Sync 1 DAGs
[2025-04-06T19:12:05.283+0000] {logging_mixin.py:190} INFO - [2025-04-06T19:12:05.283+0000] {dag.py:4180} INFO - Setting next_dagrun for random_number_checker_solution to 2025-04-05 00:00:00+00:00, run_after=2025-04-06 00:00:00+00:00
[2025-04-06T19:12:05.332+0000] {processor.py:208} INFO - Processing /opt/airflow/dags/assignment_1_solution.py took 0.223 seconds
