[2025-04-06T19:04:40.934+0000] {processor.py:186} INFO - Started process (PID=197) to work on /opt/airflow/dags/taskflow_after_decorators.py
[2025-04-06T19:04:40.937+0000] {processor.py:914} INFO - Processing file /opt/airflow/dags/taskflow_after_decorators.py for tasks to queue
[2025-04-06T19:04:40.946+0000] {logging_mixin.py:190} INFO - [2025-04-06T19:04:40.945+0000] {dagbag.py:588} INFO - Filling up the DagBag from /opt/airflow/dags/taskflow_after_decorators.py
[2025-04-06T19:04:40.977+0000] {processor.py:925} INFO - DAG(s) 'taskflow_with_decorator' retrieved from /opt/airflow/dags/taskflow_after_decorators.py
[2025-04-06T19:04:41.026+0000] {logging_mixin.py:190} INFO - [2025-04-06T19:04:41.025+0000] {dag.py:3239} INFO - Sync 1 DAGs
[2025-04-06T19:04:41.067+0000] {logging_mixin.py:190} INFO - [2025-04-06T19:04:41.067+0000] {dag.py:4180} INFO - Setting next_dagrun for taskflow_with_decorator to 2025-04-05 00:00:00+00:00, run_after=2025-04-06 00:00:00+00:00
[2025-04-06T19:04:41.109+0000] {processor.py:208} INFO - Processing /opt/airflow/dags/taskflow_after_decorators.py took 0.190 seconds
[2025-04-06T19:05:11.701+0000] {processor.py:186} INFO - Started process (PID=224) to work on /opt/airflow/dags/taskflow_after_decorators.py
[2025-04-06T19:05:11.702+0000] {processor.py:914} INFO - Processing file /opt/airflow/dags/taskflow_after_decorators.py for tasks to queue
[2025-04-06T19:05:11.705+0000] {logging_mixin.py:190} INFO - [2025-04-06T19:05:11.705+0000] {dagbag.py:588} INFO - Filling up the DagBag from /opt/airflow/dags/taskflow_after_decorators.py
[2025-04-06T19:05:11.724+0000] {processor.py:925} INFO - DAG(s) 'taskflow_with_decorator' retrieved from /opt/airflow/dags/taskflow_after_decorators.py
[2025-04-06T19:05:11.769+0000] {logging_mixin.py:190} INFO - [2025-04-06T19:05:11.769+0000] {dag.py:3239} INFO - Sync 1 DAGs
[2025-04-06T19:05:11.803+0000] {logging_mixin.py:190} INFO - [2025-04-06T19:05:11.803+0000] {dag.py:4180} INFO - Setting next_dagrun for taskflow_with_decorator to 2025-04-05 00:00:00+00:00, run_after=2025-04-06 00:00:00+00:00
[2025-04-06T19:05:11.831+0000] {processor.py:208} INFO - Processing /opt/airflow/dags/taskflow_after_decorators.py took 0.138 seconds
[2025-04-06T19:05:42.727+0000] {processor.py:186} INFO - Started process (PID=193) to work on /opt/airflow/dags/taskflow_after_decorators.py
[2025-04-06T19:05:42.728+0000] {processor.py:914} INFO - Processing file /opt/airflow/dags/taskflow_after_decorators.py for tasks to queue
[2025-04-06T19:05:42.731+0000] {logging_mixin.py:190} INFO - [2025-04-06T19:05:42.731+0000] {dagbag.py:588} INFO - Filling up the DagBag from /opt/airflow/dags/taskflow_after_decorators.py
[2025-04-06T19:05:42.747+0000] {processor.py:925} INFO - DAG(s) 'taskflow_with_decorator' retrieved from /opt/airflow/dags/taskflow_after_decorators.py
[2025-04-06T19:05:42.793+0000] {logging_mixin.py:190} INFO - [2025-04-06T19:05:42.793+0000] {dag.py:3239} INFO - Sync 1 DAGs
[2025-04-06T19:05:42.831+0000] {logging_mixin.py:190} INFO - [2025-04-06T19:05:42.831+0000] {dag.py:4180} INFO - Setting next_dagrun for taskflow_with_decorator to 2025-04-05 00:00:00+00:00, run_after=2025-04-06 00:00:00+00:00
[2025-04-06T19:05:42.864+0000] {processor.py:208} INFO - Processing /opt/airflow/dags/taskflow_after_decorators.py took 0.146 seconds
[2025-04-06T19:06:13.807+0000] {processor.py:186} INFO - Started process (PID=218) to work on /opt/airflow/dags/taskflow_after_decorators.py
[2025-04-06T19:06:13.809+0000] {processor.py:914} INFO - Processing file /opt/airflow/dags/taskflow_after_decorators.py for tasks to queue
[2025-04-06T19:06:13.813+0000] {logging_mixin.py:190} INFO - [2025-04-06T19:06:13.813+0000] {dagbag.py:588} INFO - Filling up the DagBag from /opt/airflow/dags/taskflow_after_decorators.py
[2025-04-06T19:06:13.836+0000] {processor.py:925} INFO - DAG(s) 'taskflow_with_decorator' retrieved from /opt/airflow/dags/taskflow_after_decorators.py
[2025-04-06T19:06:13.918+0000] {logging_mixin.py:190} INFO - [2025-04-06T19:06:13.917+0000] {dag.py:3239} INFO - Sync 1 DAGs
[2025-04-06T19:06:13.991+0000] {logging_mixin.py:190} INFO - [2025-04-06T19:06:13.990+0000] {dag.py:4180} INFO - Setting next_dagrun for taskflow_with_decorator to 2025-04-05 00:00:00+00:00, run_after=2025-04-06 00:00:00+00:00
[2025-04-06T19:06:14.023+0000] {processor.py:208} INFO - Processing /opt/airflow/dags/taskflow_after_decorators.py took 0.227 seconds
[2025-04-06T19:06:44.543+0000] {processor.py:186} INFO - Started process (PID=243) to work on /opt/airflow/dags/taskflow_after_decorators.py
[2025-04-06T19:06:44.544+0000] {processor.py:914} INFO - Processing file /opt/airflow/dags/taskflow_after_decorators.py for tasks to queue
[2025-04-06T19:06:44.547+0000] {logging_mixin.py:190} INFO - [2025-04-06T19:06:44.547+0000] {dagbag.py:588} INFO - Filling up the DagBag from /opt/airflow/dags/taskflow_after_decorators.py
[2025-04-06T19:06:44.565+0000] {processor.py:925} INFO - DAG(s) 'taskflow_with_decorator' retrieved from /opt/airflow/dags/taskflow_after_decorators.py
[2025-04-06T19:06:44.605+0000] {logging_mixin.py:190} INFO - [2025-04-06T19:06:44.604+0000] {dag.py:3239} INFO - Sync 1 DAGs
[2025-04-06T19:06:44.647+0000] {logging_mixin.py:190} INFO - [2025-04-06T19:06:44.647+0000] {dag.py:4180} INFO - Setting next_dagrun for taskflow_with_decorator to 2025-04-05 00:00:00+00:00, run_after=2025-04-06 00:00:00+00:00
[2025-04-06T19:06:44.676+0000] {processor.py:208} INFO - Processing /opt/airflow/dags/taskflow_after_decorators.py took 0.141 seconds
[2025-04-06T19:07:15.269+0000] {processor.py:186} INFO - Started process (PID=268) to work on /opt/airflow/dags/taskflow_after_decorators.py
[2025-04-06T19:07:15.270+0000] {processor.py:914} INFO - Processing file /opt/airflow/dags/taskflow_after_decorators.py for tasks to queue
[2025-04-06T19:07:15.275+0000] {logging_mixin.py:190} INFO - [2025-04-06T19:07:15.274+0000] {dagbag.py:588} INFO - Filling up the DagBag from /opt/airflow/dags/taskflow_after_decorators.py
[2025-04-06T19:07:15.296+0000] {processor.py:925} INFO - DAG(s) 'taskflow_with_decorator' retrieved from /opt/airflow/dags/taskflow_after_decorators.py
[2025-04-06T19:07:15.350+0000] {logging_mixin.py:190} INFO - [2025-04-06T19:07:15.350+0000] {dag.py:3239} INFO - Sync 1 DAGs
[2025-04-06T19:07:15.403+0000] {logging_mixin.py:190} INFO - [2025-04-06T19:07:15.403+0000] {dag.py:4180} INFO - Setting next_dagrun for taskflow_with_decorator to 2025-04-05 00:00:00+00:00, run_after=2025-04-06 00:00:00+00:00
[2025-04-06T19:07:15.442+0000] {processor.py:208} INFO - Processing /opt/airflow/dags/taskflow_after_decorators.py took 0.181 seconds
[2025-04-06T19:07:45.995+0000] {processor.py:186} INFO - Started process (PID=293) to work on /opt/airflow/dags/taskflow_after_decorators.py
[2025-04-06T19:07:45.997+0000] {processor.py:914} INFO - Processing file /opt/airflow/dags/taskflow_after_decorators.py for tasks to queue
[2025-04-06T19:07:46.000+0000] {logging_mixin.py:190} INFO - [2025-04-06T19:07:46.000+0000] {dagbag.py:588} INFO - Filling up the DagBag from /opt/airflow/dags/taskflow_after_decorators.py
[2025-04-06T19:07:46.017+0000] {processor.py:925} INFO - DAG(s) 'taskflow_with_decorator' retrieved from /opt/airflow/dags/taskflow_after_decorators.py
[2025-04-06T19:07:46.059+0000] {logging_mixin.py:190} INFO - [2025-04-06T19:07:46.058+0000] {dag.py:3239} INFO - Sync 1 DAGs
[2025-04-06T19:07:46.098+0000] {logging_mixin.py:190} INFO - [2025-04-06T19:07:46.097+0000] {dag.py:4180} INFO - Setting next_dagrun for taskflow_with_decorator to 2025-04-05 00:00:00+00:00, run_after=2025-04-06 00:00:00+00:00
[2025-04-06T19:07:46.127+0000] {processor.py:208} INFO - Processing /opt/airflow/dags/taskflow_after_decorators.py took 0.141 seconds
[2025-04-06T19:08:16.627+0000] {processor.py:186} INFO - Started process (PID=318) to work on /opt/airflow/dags/taskflow_after_decorators.py
[2025-04-06T19:08:16.628+0000] {processor.py:914} INFO - Processing file /opt/airflow/dags/taskflow_after_decorators.py for tasks to queue
[2025-04-06T19:08:16.631+0000] {logging_mixin.py:190} INFO - [2025-04-06T19:08:16.631+0000] {dagbag.py:588} INFO - Filling up the DagBag from /opt/airflow/dags/taskflow_after_decorators.py
[2025-04-06T19:08:16.646+0000] {processor.py:925} INFO - DAG(s) 'taskflow_with_decorator' retrieved from /opt/airflow/dags/taskflow_after_decorators.py
[2025-04-06T19:08:16.682+0000] {logging_mixin.py:190} INFO - [2025-04-06T19:08:16.682+0000] {dag.py:3239} INFO - Sync 1 DAGs
[2025-04-06T19:08:16.717+0000] {logging_mixin.py:190} INFO - [2025-04-06T19:08:16.717+0000] {dag.py:4180} INFO - Setting next_dagrun for taskflow_with_decorator to 2025-04-05 00:00:00+00:00, run_after=2025-04-06 00:00:00+00:00
[2025-04-06T19:08:16.747+0000] {processor.py:208} INFO - Processing /opt/airflow/dags/taskflow_after_decorators.py took 0.127 seconds
[2025-04-06T19:10:33.150+0000] {processor.py:186} INFO - Started process (PID=193) to work on /opt/airflow/dags/taskflow_after_decorators.py
[2025-04-06T19:10:33.151+0000] {processor.py:914} INFO - Processing file /opt/airflow/dags/taskflow_after_decorators.py for tasks to queue
[2025-04-06T19:10:33.154+0000] {logging_mixin.py:190} INFO - [2025-04-06T19:10:33.154+0000] {dagbag.py:588} INFO - Filling up the DagBag from /opt/airflow/dags/taskflow_after_decorators.py
[2025-04-06T19:10:33.169+0000] {processor.py:925} INFO - DAG(s) 'taskflow_with_decorator' retrieved from /opt/airflow/dags/taskflow_after_decorators.py
[2025-04-06T19:10:33.242+0000] {logging_mixin.py:190} INFO - [2025-04-06T19:10:33.241+0000] {dag.py:3239} INFO - Sync 1 DAGs
[2025-04-06T19:10:33.293+0000] {logging_mixin.py:190} INFO - [2025-04-06T19:10:33.292+0000] {dag.py:4180} INFO - Setting next_dagrun for taskflow_with_decorator to 2025-04-05 00:00:00+00:00, run_after=2025-04-06 00:00:00+00:00
[2025-04-06T19:10:33.327+0000] {processor.py:208} INFO - Processing /opt/airflow/dags/taskflow_after_decorators.py took 0.186 seconds
[2025-04-06T19:11:03.933+0000] {processor.py:186} INFO - Started process (PID=218) to work on /opt/airflow/dags/taskflow_after_decorators.py
[2025-04-06T19:11:03.934+0000] {processor.py:914} INFO - Processing file /opt/airflow/dags/taskflow_after_decorators.py for tasks to queue
[2025-04-06T19:11:03.939+0000] {logging_mixin.py:190} INFO - [2025-04-06T19:11:03.938+0000] {dagbag.py:588} INFO - Filling up the DagBag from /opt/airflow/dags/taskflow_after_decorators.py
[2025-04-06T19:11:03.959+0000] {processor.py:925} INFO - DAG(s) 'taskflow_with_decorator' retrieved from /opt/airflow/dags/taskflow_after_decorators.py
[2025-04-06T19:11:04.025+0000] {logging_mixin.py:190} INFO - [2025-04-06T19:11:04.024+0000] {dag.py:3239} INFO - Sync 1 DAGs
[2025-04-06T19:11:04.068+0000] {logging_mixin.py:190} INFO - [2025-04-06T19:11:04.068+0000] {dag.py:4180} INFO - Setting next_dagrun for taskflow_with_decorator to 2025-04-05 00:00:00+00:00, run_after=2025-04-06 00:00:00+00:00
[2025-04-06T19:11:04.111+0000] {processor.py:208} INFO - Processing /opt/airflow/dags/taskflow_after_decorators.py took 0.189 seconds
[2025-04-06T19:11:34.680+0000] {processor.py:186} INFO - Started process (PID=243) to work on /opt/airflow/dags/taskflow_after_decorators.py
[2025-04-06T19:11:34.682+0000] {processor.py:914} INFO - Processing file /opt/airflow/dags/taskflow_after_decorators.py for tasks to queue
[2025-04-06T19:11:34.685+0000] {logging_mixin.py:190} INFO - [2025-04-06T19:11:34.685+0000] {dagbag.py:588} INFO - Filling up the DagBag from /opt/airflow/dags/taskflow_after_decorators.py
[2025-04-06T19:11:34.700+0000] {processor.py:925} INFO - DAG(s) 'taskflow_with_decorator' retrieved from /opt/airflow/dags/taskflow_after_decorators.py
[2025-04-06T19:11:34.749+0000] {logging_mixin.py:190} INFO - [2025-04-06T19:11:34.748+0000] {dag.py:3239} INFO - Sync 1 DAGs
[2025-04-06T19:11:34.784+0000] {logging_mixin.py:190} INFO - [2025-04-06T19:11:34.783+0000] {dag.py:4180} INFO - Setting next_dagrun for taskflow_with_decorator to 2025-04-05 00:00:00+00:00, run_after=2025-04-06 00:00:00+00:00
[2025-04-06T19:11:34.812+0000] {processor.py:208} INFO - Processing /opt/airflow/dags/taskflow_after_decorators.py took 0.146 seconds
[2025-04-06T19:12:05.480+0000] {processor.py:186} INFO - Started process (PID=268) to work on /opt/airflow/dags/taskflow_after_decorators.py
[2025-04-06T19:12:05.482+0000] {processor.py:914} INFO - Processing file /opt/airflow/dags/taskflow_after_decorators.py for tasks to queue
[2025-04-06T19:12:05.487+0000] {logging_mixin.py:190} INFO - [2025-04-06T19:12:05.486+0000] {dagbag.py:588} INFO - Filling up the DagBag from /opt/airflow/dags/taskflow_after_decorators.py
[2025-04-06T19:12:05.505+0000] {processor.py:925} INFO - DAG(s) 'taskflow_with_decorator' retrieved from /opt/airflow/dags/taskflow_after_decorators.py
[2025-04-06T19:12:05.569+0000] {logging_mixin.py:190} INFO - [2025-04-06T19:12:05.568+0000] {dag.py:3239} INFO - Sync 1 DAGs
[2025-04-06T19:12:05.621+0000] {logging_mixin.py:190} INFO - [2025-04-06T19:12:05.621+0000] {dag.py:4180} INFO - Setting next_dagrun for taskflow_with_decorator to 2025-04-05 00:00:00+00:00, run_after=2025-04-06 00:00:00+00:00
[2025-04-06T19:12:05.665+0000] {processor.py:208} INFO - Processing /opt/airflow/dags/taskflow_after_decorators.py took 0.197 seconds
