[2025-04-06T19:04:40.791+0000] {processor.py:186} INFO - Started process (PID=192) to work on /opt/airflow/dags/taskflow_before_decorators.py
[2025-04-06T19:04:40.795+0000] {processor.py:914} INFO - Processing file /opt/airflow/dags/taskflow_before_decorators.py for tasks to queue
[2025-04-06T19:04:40.803+0000] {logging_mixin.py:190} INFO - [2025-04-06T19:04:40.802+0000] {dagbag.py:588} INFO - Filling up the DagBag from /opt/airflow/dags/taskflow_before_decorators.py
[2025-04-06T19:04:40.828+0000] {processor.py:925} INFO - DAG(s) 'taskflow_no_decorators' retrieved from /opt/airflow/dags/taskflow_before_decorators.py
[2025-04-06T19:04:40.898+0000] {logging_mixin.py:190} INFO - [2025-04-06T19:04:40.898+0000] {dag.py:3239} INFO - Sync 1 DAGs
[2025-04-06T19:04:40.948+0000] {logging_mixin.py:190} INFO - [2025-04-06T19:04:40.947+0000] {dag.py:4180} INFO - Setting next_dagrun for taskflow_no_decorators to 2025-04-05 00:00:00+00:00, run_after=2025-04-06 00:00:00+00:00
[2025-04-06T19:04:40.979+0000] {processor.py:208} INFO - Processing /opt/airflow/dags/taskflow_before_decorators.py took 0.198 seconds
[2025-04-06T19:05:11.516+0000] {processor.py:186} INFO - Started process (PID=217) to work on /opt/airflow/dags/taskflow_before_decorators.py
[2025-04-06T19:05:11.518+0000] {processor.py:914} INFO - Processing file /opt/airflow/dags/taskflow_before_decorators.py for tasks to queue
[2025-04-06T19:05:11.521+0000] {logging_mixin.py:190} INFO - [2025-04-06T19:05:11.520+0000] {dagbag.py:588} INFO - Filling up the DagBag from /opt/airflow/dags/taskflow_before_decorators.py
[2025-04-06T19:05:11.535+0000] {processor.py:925} INFO - DAG(s) 'taskflow_no_decorators' retrieved from /opt/airflow/dags/taskflow_before_decorators.py
[2025-04-06T19:05:11.583+0000] {logging_mixin.py:190} INFO - [2025-04-06T19:05:11.583+0000] {dag.py:3239} INFO - Sync 1 DAGs
[2025-04-06T19:05:11.635+0000] {logging_mixin.py:190} INFO - [2025-04-06T19:05:11.635+0000] {dag.py:4180} INFO - Setting next_dagrun for taskflow_no_decorators to 2025-04-05 00:00:00+00:00, run_after=2025-04-06 00:00:00+00:00
[2025-04-06T19:05:11.664+0000] {processor.py:208} INFO - Processing /opt/airflow/dags/taskflow_before_decorators.py took 0.158 seconds
[2025-04-06T19:05:42.652+0000] {processor.py:186} INFO - Started process (PID=188) to work on /opt/airflow/dags/taskflow_before_decorators.py
[2025-04-06T19:05:42.656+0000] {processor.py:914} INFO - Processing file /opt/airflow/dags/taskflow_before_decorators.py for tasks to queue
[2025-04-06T19:05:42.660+0000] {logging_mixin.py:190} INFO - [2025-04-06T19:05:42.659+0000] {dagbag.py:588} INFO - Filling up the DagBag from /opt/airflow/dags/taskflow_before_decorators.py
[2025-04-06T19:05:42.677+0000] {processor.py:925} INFO - DAG(s) 'taskflow_no_decorators' retrieved from /opt/airflow/dags/taskflow_before_decorators.py
[2025-04-06T19:05:42.719+0000] {logging_mixin.py:190} INFO - [2025-04-06T19:05:42.718+0000] {dag.py:3239} INFO - Sync 1 DAGs
[2025-04-06T19:05:42.758+0000] {logging_mixin.py:190} INFO - [2025-04-06T19:05:42.757+0000] {dag.py:4180} INFO - Setting next_dagrun for taskflow_no_decorators to 2025-04-05 00:00:00+00:00, run_after=2025-04-06 00:00:00+00:00
[2025-04-06T19:05:42.790+0000] {processor.py:208} INFO - Processing /opt/airflow/dags/taskflow_before_decorators.py took 0.146 seconds
[2025-04-06T19:06:13.780+0000] {processor.py:186} INFO - Started process (PID=215) to work on /opt/airflow/dags/taskflow_before_decorators.py
[2025-04-06T19:06:13.781+0000] {processor.py:914} INFO - Processing file /opt/airflow/dags/taskflow_before_decorators.py for tasks to queue
[2025-04-06T19:06:13.785+0000] {logging_mixin.py:190} INFO - [2025-04-06T19:06:13.785+0000] {dagbag.py:588} INFO - Filling up the DagBag from /opt/airflow/dags/taskflow_before_decorators.py
[2025-04-06T19:06:13.803+0000] {processor.py:925} INFO - DAG(s) 'taskflow_no_decorators' retrieved from /opt/airflow/dags/taskflow_before_decorators.py
[2025-04-06T19:06:13.881+0000] {logging_mixin.py:190} INFO - [2025-04-06T19:06:13.880+0000] {dag.py:3239} INFO - Sync 1 DAGs
[2025-04-06T19:06:13.924+0000] {logging_mixin.py:190} INFO - [2025-04-06T19:06:13.923+0000] {dag.py:4180} INFO - Setting next_dagrun for taskflow_no_decorators to 2025-04-05 00:00:00+00:00, run_after=2025-04-06 00:00:00+00:00
[2025-04-06T19:06:13.960+0000] {processor.py:208} INFO - Processing /opt/airflow/dags/taskflow_before_decorators.py took 0.191 seconds
[2025-04-06T19:06:44.475+0000] {processor.py:186} INFO - Started process (PID=238) to work on /opt/airflow/dags/taskflow_before_decorators.py
[2025-04-06T19:06:44.477+0000] {processor.py:914} INFO - Processing file /opt/airflow/dags/taskflow_before_decorators.py for tasks to queue
[2025-04-06T19:06:44.480+0000] {logging_mixin.py:190} INFO - [2025-04-06T19:06:44.480+0000] {dagbag.py:588} INFO - Filling up the DagBag from /opt/airflow/dags/taskflow_before_decorators.py
[2025-04-06T19:06:44.497+0000] {processor.py:925} INFO - DAG(s) 'taskflow_no_decorators' retrieved from /opt/airflow/dags/taskflow_before_decorators.py
[2025-04-06T19:06:44.540+0000] {logging_mixin.py:190} INFO - [2025-04-06T19:06:44.540+0000] {dag.py:3239} INFO - Sync 1 DAGs
[2025-04-06T19:06:44.578+0000] {logging_mixin.py:190} INFO - [2025-04-06T19:06:44.578+0000] {dag.py:4180} INFO - Setting next_dagrun for taskflow_no_decorators to 2025-04-05 00:00:00+00:00, run_after=2025-04-06 00:00:00+00:00
[2025-04-06T19:06:44.609+0000] {processor.py:208} INFO - Processing /opt/airflow/dags/taskflow_before_decorators.py took 0.142 seconds
[2025-04-06T19:07:15.197+0000] {processor.py:186} INFO - Started process (PID=263) to work on /opt/airflow/dags/taskflow_before_decorators.py
[2025-04-06T19:07:15.198+0000] {processor.py:914} INFO - Processing file /opt/airflow/dags/taskflow_before_decorators.py for tasks to queue
[2025-04-06T19:07:15.203+0000] {logging_mixin.py:190} INFO - [2025-04-06T19:07:15.202+0000] {dagbag.py:588} INFO - Filling up the DagBag from /opt/airflow/dags/taskflow_before_decorators.py
[2025-04-06T19:07:15.217+0000] {processor.py:925} INFO - DAG(s) 'taskflow_no_decorators' retrieved from /opt/airflow/dags/taskflow_before_decorators.py
[2025-04-06T19:07:15.260+0000] {logging_mixin.py:190} INFO - [2025-04-06T19:07:15.260+0000] {dag.py:3239} INFO - Sync 1 DAGs
[2025-04-06T19:07:15.313+0000] {logging_mixin.py:190} INFO - [2025-04-06T19:07:15.313+0000] {dag.py:4180} INFO - Setting next_dagrun for taskflow_no_decorators to 2025-04-05 00:00:00+00:00, run_after=2025-04-06 00:00:00+00:00
[2025-04-06T19:07:15.354+0000] {processor.py:208} INFO - Processing /opt/airflow/dags/taskflow_before_decorators.py took 0.168 seconds
[2025-04-06T19:07:45.898+0000] {processor.py:186} INFO - Started process (PID=288) to work on /opt/airflow/dags/taskflow_before_decorators.py
[2025-04-06T19:07:45.899+0000] {processor.py:914} INFO - Processing file /opt/airflow/dags/taskflow_before_decorators.py for tasks to queue
[2025-04-06T19:07:45.904+0000] {logging_mixin.py:190} INFO - [2025-04-06T19:07:45.903+0000] {dagbag.py:588} INFO - Filling up the DagBag from /opt/airflow/dags/taskflow_before_decorators.py
[2025-04-06T19:07:45.920+0000] {processor.py:925} INFO - DAG(s) 'taskflow_no_decorators' retrieved from /opt/airflow/dags/taskflow_before_decorators.py
[2025-04-06T19:07:45.963+0000] {logging_mixin.py:190} INFO - [2025-04-06T19:07:45.962+0000] {dag.py:3239} INFO - Sync 1 DAGs
[2025-04-06T19:07:46.002+0000] {logging_mixin.py:190} INFO - [2025-04-06T19:07:46.001+0000] {dag.py:4180} INFO - Setting next_dagrun for taskflow_no_decorators to 2025-04-05 00:00:00+00:00, run_after=2025-04-06 00:00:00+00:00
[2025-04-06T19:07:46.034+0000] {processor.py:208} INFO - Processing /opt/airflow/dags/taskflow_before_decorators.py took 0.150 seconds
[2025-04-06T19:08:16.554+0000] {processor.py:186} INFO - Started process (PID=313) to work on /opt/airflow/dags/taskflow_before_decorators.py
[2025-04-06T19:08:16.556+0000] {processor.py:914} INFO - Processing file /opt/airflow/dags/taskflow_before_decorators.py for tasks to queue
[2025-04-06T19:08:16.559+0000] {logging_mixin.py:190} INFO - [2025-04-06T19:08:16.558+0000] {dagbag.py:588} INFO - Filling up the DagBag from /opt/airflow/dags/taskflow_before_decorators.py
[2025-04-06T19:08:16.574+0000] {processor.py:925} INFO - DAG(s) 'taskflow_no_decorators' retrieved from /opt/airflow/dags/taskflow_before_decorators.py
[2025-04-06T19:08:16.617+0000] {logging_mixin.py:190} INFO - [2025-04-06T19:08:16.617+0000] {dag.py:3239} INFO - Sync 1 DAGs
[2025-04-06T19:08:16.652+0000] {logging_mixin.py:190} INFO - [2025-04-06T19:08:16.652+0000] {dag.py:4180} INFO - Setting next_dagrun for taskflow_no_decorators to 2025-04-05 00:00:00+00:00, run_after=2025-04-06 00:00:00+00:00
[2025-04-06T19:08:16.681+0000] {processor.py:208} INFO - Processing /opt/airflow/dags/taskflow_before_decorators.py took 0.134 seconds
[2025-04-06T19:10:33.117+0000] {processor.py:186} INFO - Started process (PID=189) to work on /opt/airflow/dags/taskflow_before_decorators.py
[2025-04-06T19:10:33.118+0000] {processor.py:914} INFO - Processing file /opt/airflow/dags/taskflow_before_decorators.py for tasks to queue
[2025-04-06T19:10:33.122+0000] {logging_mixin.py:190} INFO - [2025-04-06T19:10:33.121+0000] {dagbag.py:588} INFO - Filling up the DagBag from /opt/airflow/dags/taskflow_before_decorators.py
[2025-04-06T19:10:33.138+0000] {processor.py:925} INFO - DAG(s) 'taskflow_no_decorators' retrieved from /opt/airflow/dags/taskflow_before_decorators.py
[2025-04-06T19:10:33.198+0000] {logging_mixin.py:190} INFO - [2025-04-06T19:10:33.198+0000] {dag.py:3239} INFO - Sync 1 DAGs
[2025-04-06T19:10:33.245+0000] {logging_mixin.py:190} INFO - [2025-04-06T19:10:33.245+0000] {dag.py:4180} INFO - Setting next_dagrun for taskflow_no_decorators to 2025-04-05 00:00:00+00:00, run_after=2025-04-06 00:00:00+00:00
[2025-04-06T19:10:33.284+0000] {processor.py:208} INFO - Processing /opt/airflow/dags/taskflow_before_decorators.py took 0.185 seconds
[2025-04-06T19:11:03.834+0000] {processor.py:186} INFO - Started process (PID=213) to work on /opt/airflow/dags/taskflow_before_decorators.py
[2025-04-06T19:11:03.835+0000] {processor.py:914} INFO - Processing file /opt/airflow/dags/taskflow_before_decorators.py for tasks to queue
[2025-04-06T19:11:03.839+0000] {logging_mixin.py:190} INFO - [2025-04-06T19:11:03.838+0000] {dagbag.py:588} INFO - Filling up the DagBag from /opt/airflow/dags/taskflow_before_decorators.py
[2025-04-06T19:11:03.870+0000] {processor.py:925} INFO - DAG(s) 'taskflow_no_decorators' retrieved from /opt/airflow/dags/taskflow_before_decorators.py
[2025-04-06T19:11:03.938+0000] {logging_mixin.py:190} INFO - [2025-04-06T19:11:03.938+0000] {dag.py:3239} INFO - Sync 1 DAGs
[2025-04-06T19:11:04.004+0000] {logging_mixin.py:190} INFO - [2025-04-06T19:11:04.004+0000] {dag.py:4180} INFO - Setting next_dagrun for taskflow_no_decorators to 2025-04-05 00:00:00+00:00, run_after=2025-04-06 00:00:00+00:00
[2025-04-06T19:11:04.041+0000] {processor.py:208} INFO - Processing /opt/airflow/dags/taskflow_before_decorators.py took 0.217 seconds
[2025-04-06T19:11:34.601+0000] {processor.py:186} INFO - Started process (PID=238) to work on /opt/airflow/dags/taskflow_before_decorators.py
[2025-04-06T19:11:34.602+0000] {processor.py:914} INFO - Processing file /opt/airflow/dags/taskflow_before_decorators.py for tasks to queue
[2025-04-06T19:11:34.606+0000] {logging_mixin.py:190} INFO - [2025-04-06T19:11:34.605+0000] {dagbag.py:588} INFO - Filling up the DagBag from /opt/airflow/dags/taskflow_before_decorators.py
[2025-04-06T19:11:34.624+0000] {processor.py:925} INFO - DAG(s) 'taskflow_no_decorators' retrieved from /opt/airflow/dags/taskflow_before_decorators.py
[2025-04-06T19:11:34.666+0000] {logging_mixin.py:190} INFO - [2025-04-06T19:11:34.666+0000] {dag.py:3239} INFO - Sync 1 DAGs
[2025-04-06T19:11:34.711+0000] {logging_mixin.py:190} INFO - [2025-04-06T19:11:34.710+0000] {dag.py:4180} INFO - Setting next_dagrun for taskflow_no_decorators to 2025-04-05 00:00:00+00:00, run_after=2025-04-06 00:00:00+00:00
[2025-04-06T19:11:34.746+0000] {processor.py:208} INFO - Processing /opt/airflow/dags/taskflow_before_decorators.py took 0.156 seconds
[2025-04-06T19:12:05.376+0000] {processor.py:186} INFO - Started process (PID=263) to work on /opt/airflow/dags/taskflow_before_decorators.py
[2025-04-06T19:12:05.378+0000] {processor.py:914} INFO - Processing file /opt/airflow/dags/taskflow_before_decorators.py for tasks to queue
[2025-04-06T19:12:05.384+0000] {logging_mixin.py:190} INFO - [2025-04-06T19:12:05.383+0000] {dagbag.py:588} INFO - Filling up the DagBag from /opt/airflow/dags/taskflow_before_decorators.py
[2025-04-06T19:12:05.406+0000] {processor.py:925} INFO - DAG(s) 'taskflow_no_decorators' retrieved from /opt/airflow/dags/taskflow_before_decorators.py
[2025-04-06T19:12:05.471+0000] {logging_mixin.py:190} INFO - [2025-04-06T19:12:05.470+0000] {dag.py:3239} INFO - Sync 1 DAGs
[2025-04-06T19:12:05.520+0000] {logging_mixin.py:190} INFO - [2025-04-06T19:12:05.519+0000] {dag.py:4180} INFO - Setting next_dagrun for taskflow_no_decorators to 2025-04-05 00:00:00+00:00, run_after=2025-04-06 00:00:00+00:00
[2025-04-06T19:12:05.568+0000] {processor.py:208} INFO - Processing /opt/airflow/dags/taskflow_before_decorators.py took 0.200 seconds
